500
0 3172 9503 4178 3298 7186 4486 1435 8023 9702 226 7919 7652
1 812 2177 204 5882 6733 7149 3670 3941 2190 7445 1614 5747 5386 7762
2 3591 308 5186 2276 3940 5271 345 3524 8033 9350 1323 6327
3 2560 490 6653 2607 3596 5159 2802 5317 8572 871 4485 4402 8081 5341
4 1319 8460 6426 9874 9995 1567 199 1962 9636 3378 3147 8717 5038 9965 1541 4558 1668 5962 5715 5715
5 3838 7006 2345 2248 5532 4720 8708 5965 9863 7442 8385 88 105 7055
6 8637 9364 8740 9351 6527 1834 4388 4812 6529 374 3383 385 8332 3379 6101
7 1982 231 5859 6972 1764 4253 5652 491 332 867 4035 8994
8 5393 8198 7193 8620 263 2548 6249 3812 4253 812 381 1454 4314 321
9 8758 3643 4558 7400 7537 3194 6917 3153 1734 3538 6637 475 3099 4189 7740 6986 4020
10 9820 1445 3636 8738 834 265 1272 8527 3816 9921 8313 6045 3714 1105
11 9571 5258 8897 5611 7642 6529 4435 2822 4939 3074
12 4622 9550 1849 5312 4347 7869 7907 6279 7481 2278 728 5826 3077 2288
13 5795 4779 8484 754 3625 9702 8453 2723 6587 3235 6299 4326 1535 3905 7880 3012 79
14 5968 6281 3549 9400 2585 9101 4004 3902 2998 587 3876 6554 3543 2340
15 4380 4761 7066 3883 2736 6067 1773 3456 9006 9759 6027 1452 6545 6029 1774 3753 5412
16 1611 5179 5917 266 7558 723 2709 6876 6188 1851 6102 9130 6112 6487 427
17 7490 1666 1079 8276 3739 1576 3548 9313 766 7504 8585 2979 9600 3830 745
18 362 7884 367 5010 2220 1572 4929 1954 7923 9440 2087 2429 3006 9075
19 7170 4444 7220 436 1301 6410 8436 2118 8866 1007 7426 5445 979 7652
20 7121 8461 4743 5312 5707 7912 8120 3042 8610 8888 7384 6387
21 1770 2436 7791 9988 4042 6765 8051 2431 4495 280 260 4641 398 5762
22 7393 7253 7660 4560 893 2701 9216 2170 1689 4583 7038 7575
23 891 5617 8200 2129 3625 7391 2946 4381 2453 5360 6652 3944 745 4326 9545 8125
24 6263 5427 9121 4206 3419 961 5456 8123 9392 7120 4176 7413 4340 321
25 7322 172 219 3389 7947 9228 9387 3095 8350 5634 6891 6538
26 4714 3118 7918 4255 3650 6639 3021 2690 6437 173 3714 6340 4528 2768 2121
27 8018 7697 5398 8038 6503 9035 1205 1080 8906 4258 2668 9244
28 1344 7604 6601 7119 8605 419 2105 3152 9133 4294 4421 8243 8043 4199 6101
29 4463 3230 5048 6673 9948 4934 268 2385 6167 4466 4511 7699 8387
30 9428 4158 8583 5391 7352 7847 1142 3692 4786 3260 9263 7987 8195 5143 3073 569 4341 5962 7949
31 8816 7851 5741 1953 5829 9556 3121 5275 5422 6000 3408 267 1353 895 7659 5507
32 372 1158 4991 244 2498 3368 7439 9418 6196 1328 9022 3661 6549 6119 5583 1557 1839 8922 2240
33 4761 5744 4961 2727 97 3168 6831 9803 1081 5543 843 4855
34 4859 3918 1035 3048 2103 6005 1682 2653 6339 9388 1376 2867 6369 3012
35 493 4081 3720 2418 2521 6218 7535 5708 5521 6109 4917 7630 2288
36 7624 2669 644 2694 7770 9081 2424 8263 7057 1380 8436 8982 1328 6899
37 9367 4304 2519 2272 7117 7715 439 3747 418 1096 3837 8343 3783
38 4018 4837 8208 7029 598 3471 1407 2703 8924 8227 8716 9968
39 8566 22 4534 7234 3080 4559 8787 7758 9241 885 7561 4803 2671 2417 3188 1934
40 7195 1827 1457 5476 9743 6370 4710 2755 7003 7247 2938 1149 8105 1353 8994
41 7427 2191 6072 6121 2314 7208 8785 9593 5643 6258
42 8157 7313 4661 9744 6424 7236 9026 5825 4367 6241 6693 3981 2985 8420 1611 8947 5340
43 2339 3457 1123 4735 6950 8971 8223 4363 8858 7774 2885 3297 9259 9615 4855 6613
44 93 720 6024 2680 1091 7877 2532 9388 9511 505 7800 5964 5948 1774
45 1649 5478 4561 2294 1553 4159 7503 5925 7223 3815 7916 3309 8722 1710 1353 5869
46 9367 6135 1882 7910 6033 2548 851 7977 5409 5251 7749 3084
47 3150 9132 8458 5192 8878 9547 7595 3778 7593 3325 475 7709
48 7021 5012 5744 9485 3227 4023 4051 8681 2998 2872 2111 3363 8994
49 3005 720 4546 4419 2972 7160 7210 6925 571 9063 8178 2450 131 3149 2240 1105 1668
50 1343 3587 1513 2033 9419 6857 1455 9138 8246 5043 372 9731 5578 329 9688 4199 259 6101 3982
51 1049 5350 9302 3978 2341 4084 7269 660 1773 7274 2398 2326 5609 5307 6938
52 3471 308 6950 9088 4604 6257 4424 621 7195 1742 6084 6101
53 532 8718 8160 2676 4746 9108 7865 4015 8302 4426 6613 2121 2962
54 5850 6497 6498 7353 2773 8593 6105 6157 1440 276 2012 6777 9821 220 4528 1774
55 4684 6311 5592 915 2672 2217 1416 5092 4364 5915 1414 8116 3885 7699
56 9376 3287 1510 4265 1626 1230 8617 7909 1398 1554 3819 5531 2058 6467 4501 321
57 8163 2771 4675 1627 82 6978 2281 4629 6888 8004 6260 1558 502 3374 7713 4199
58 5422 4327 5351 3312 8954 4869 1746 3580 1902 6805 8008 5301 7709 2704 745
59 3904 9558 4741 5406 9474 1509 7414 9653 587 8004 8358 2771 9600 3012 9842
60 8937 4586 4345 939 1145 6917 1183 982 8451 9508 8255 2562 2546 4913 4912 9244
61 2512 655 833 765 6522 8432 4225 2054 8476 2214 6790 5748 3012
62 2125 4395 1362 6857 8219 585 5341 5776 1353 7577 9065 1009 2895 5794 1429 5307
63 4728 210 9505 8828 8522 9650 2405 2196 8153 5181 4527 5001 1098 3505 2264 79 9007
64 7493 1335 8817 955 7628 1072 1431 9044 1250 220 9044 5003 3111 8125 1668
65 1239 2258 2213 5557 9931 8854 9127 4579 4607 6547 5308 2318 395 7120 8293
66 852 6606 2055 4490 2289 6858 9855 5906 6281 6398 6980 935
67 2434 6154 4450 3803 8976 6890 1142 1532 6312 8302 5748 9008 2962
68 5007 2610 5595 4560 5195 7076 2741 873 2029 1639 7699
69 4743 2550 4856 6547 9592 417 5460 9362 2614 7937 2542 5406 7883
70 8538 23 4830 8467 7228 3306 9327 2992 3642 2699 6415 8265 9573 4909 5064 7652
71 3977 676 4349 5899 1897 4076 7168 7980 8480 1783 7234 6355 4457 8711 7438
72 7885 4429 8263 1834 5941 3320 2235 3252 7123 8052 1882 1938 6547
73 3751 1180 4653 9104 8002 7787 8721 2263 5119 7733 8665 1761 7699 6044 6021 6547
74 1590 757 5326 242 6027 9305 9204 9123 8728 7061 9609 5748
75 1075 5701 9340 9488 7268 1603 4533 9676 9732 5386 2327 2962
76 2693 286 1014 1198 2576 3971 6823 7249 9181 8368 6797 5451 2240
77 3745 6058 499 1804 5737 1010 7923 5667 3643 6005 9265 6613 321
78 4134 7122 9642 4083 2638 2368 1200 1549 5824 9637 6482 4855 8125
79 6542 4344 2509 7187 1865 4982 7761 2902 4496 9871 8989 3543
80 4474 4970 751 955 4241 1383 3989 9244 3370 3376 5348 1420 6420 386 575 3841 1348 9510 3111
81 8311 9505 5797 8925 3864 1304 3169 9282 7491 7578 3776 8268 3683 4626 7361 2240 8134
82 3535 7362 4223 1723 9444 4712 2415 8390 7412 9956 340 9770 2401 2393 7949
83 6010 4541 847 6041 3558 3467 2342 131 3418 4809 1537 6863 4060 6550 2643
84 3340 4985 3119 8864 6691 4734 3121 8290 7463 3864 153 5992 7804 4143 9968 1299 8134 2643
85 3464 9557 6835 8714 4797 8511 2785 6609 4298 6053 4176 5962
86 9350 736 3599 868 6123 4824 751 3776 1996 5211 1476 562 1925 6810 2491 1125 2240
87 7968 2622 8169 219 5729 98 1122 6911 4538 5044 5815 9050 3240 9007 79
88 524 496 8353 4505 1683 2203 428 5556 3398 4959 3772 5044 6000 7969 6020 7709
89 2497 6054 9511 9676 9235 6935 5403 1322 6828 8457 3958 259 9533 321
90 2491 4897 1807 3378 148 4237 2580 3729 8803 8554 2015 1316 1276 8644 9244
91 8193 5836 949 6837 2275 3908 7840 7723 1136 5073 2037 7786 4286
92 7769 8762 2435 1024 8370 6236 2640 452 9539 3710 6896 9045 8387 7296
93 1161 6717 1170 8680 9413 9703 5533 854 7976 7104 8269 1358
94 3084 8859 202 915 7306 2779 5622 5722 2711 3660 5502 354 6748 183 7883 5458 7949 9545
95 4322 8805 1928 7188 8767 273 3616 3770 4583 9573
96 6027 5335 5546 658 2357 2993 2683 5809 2609 9485 733
97 6917 8101 5998 7607 8862 3394 2878 9003 1937 6585 8084 9295 924 3758 7795 6258
98 4390 8305 8014 5847 9796 4521 136 5075 3095 3017 4463 3316
99 9210 2764 461 1835 3807 4209 8445 9710 6003 115 2564 3897 5194 6588 9007
100 6624 5754 9207 3691 2874 2459 8628 4780 6273 7118 9545 2288
101 3926 1233 8352 7986 2910 8793 4046 155 4253 537 5644 7447 120 270 4399 6613
102 9248 738 6035 3372 8647 5447 2585 3855 2420 6686 6187 8618 1429
103 6546 3744 6127 8064 9651 6607 5562 476
104 2858 3376 7194 8510 4906 3502 8583 2583 2689 2465 4848 3241 8431 2278 4214 3364 6134 2155 9007
105 5280 3797 1663 360 6259 4066 1352 3334 7926 4124 3666 9040 254 6613
106 5332 6573 7062 82 5715 594 5661 4641 5848 7233 2499 7603 6223 2232 4463 7167 863 7204 8125 4901
107 3664 7486 4450 4968 8678 2635 554 5557 3188 2676 436 6879 6985 7970 9688 3163
108 3841 8911 8738 5407 4229 1327 4542 30 3353 7252 7721 8753 2844 999 8145 5483 321
109 5338 6038 4749 6636 4992 7204 3902 8674 3637 1888 4015 701 1060 9007 5715 2986
110 7747 4808 1686 7355 8514 3884 9111 2967 7506 6963 1319 5754 9344 5871
111 5533 2644 3583 1195 169 3294 8097 7841 8903 711 5961 5400 2962
112 4097 8577 8002 8943 7963 1271 132 6457 6560 2598 7438
113 4530 8080 8508 8408 9722 8337 8588 9450 5246 1611 390 7240
114 8234 5621 6324 9895 7556 8173 7833 5494 3297 1809 7069 653 8033 5840 6351 4362 3103 2
115 1711 7261 9932 4054 6337 1102 8653 2931 2391 5093 3537 1638 2426 477 4020
116 2068 9785 8637 6439 5731 4357 8699 3003 5992 2790
117 8481 1027 8645 2701 1064 39 760 291 6818 2476 5783 9654 9374 7997 935
118 540 3392 3908 3338 4105 611 593 5040 1093 4463 7001 745 2555
119 7321 1066 7445 1721 3797 1363 2882 6988 9513 3101 34 8913 4708 828 2583 84 1105 4020
120 4986 3755 2796 782 5283 7663 9781 49 8786 643 9956 9865 5898 9013
121 2017 4243 9172 4414 667 2296 3741 8701 3829 1551 5622 7167 3830 5715
122 8264 2385 8011 9482 4668 5140 2071 6720 5639 4786 6538 7880 2569
123 5426 7281 7977 8469 304 4556 6879 7014 7804 9133 7659 9265
124 2417 8376 4331 5636 5245 8615 6693 5940 5522 4213 9156 1348 5400 2875 1534 5762 9199
125 7233 5548 8738 6963 6331 8861 212 4312 7629 9799 9752 9172 4971 9089 523 9259 200 6170 79
126 4888 4580 449 62 3619 4623 7358 8861 8090 7185 7481 2773 9007
127 2903 6914 8513 1070 9898 818 5861 4247 157 8147 4007 7692 2877 7948 1668 5715
128 8827 8131 4937 8119 1805 8797 7701 5522 6043 2747 333 6971 3376 3543 2340 7883 2
129 491 441 3514 7140 7685 4293 5155 6013 6698 6938 6521 6020 7254 2892 1752 2 5715
130 9887 7547 518 4769 6514 5416 7910 7322 5601 6556 718 7320 3064 1871 8212 4901 2
131 3510 1567 5804 6601 5155 3336 2948 7480 5831 1581 7 5126 259 8514 4260 2701 3184 1299 732
132 2696 7927 2920 1509 7567 4318 268 620 2536 3926 2904 5962
133 1521 1201 9923 8668 5209 3126 2748 6656 6693 6412 9787 2327 4442 9848 8994
134 3214 1588 9331 5665 2556 3348 5578 9608 4851 5302 4551 1871 3894
135 9169 364 6350 1359 389 9706 9839 786 7880 5468 8476 6114 9215 7699 3074 2962
136 9856 5523 2126 7358 7873 5766 3447 5517 5749 8989 7684 6327 79
137 7870 7559 8807 4739 8213 7816 7196 663 4938 919 6698 8462 2128 3894
138 7144 8464 8167 2379 3649 3992 8982 566 3338 1509 105 1299
139 1767 8699 4908 7811 8758 614 3333 9781 9159 9318 4823
140 400 3806 6242 2751 1157 2835 7066 4203 5473 8741 7009 5386 8722
141 6278 8744 2896 2963 8057 7215 4412 3018 5109 1625 7602
142 8174 3057 1633 7883 7601 6890 8052 1770 2359 5595 2786 9593 7902 6178 2739 9007
143 2364 4380 673 360 1908 2404 9576 4181 8995 9056 8596 569 2 7652
144 794 2169 580 7118 8276 8074 42 5075 4704 600
145 3382 6739 9041 3383 8329 5465 5941 5469 361 7327 210 1383 7210 8332 5523 9007 4624 5880
146 3665 3077 5563 7799 5711 5515 3759 7522 8056 2817 7839 3154 6270 8284 321
147 5282 6931 6216 4531 3885 4065 7674 1547 4883 1032 7043 2228 4843 1276 1750 7153
148 3683 423 3502 3142 2061 3536 9128 4178 1821 3074 2
149 7606 6420 4416 3262 7676 7517 4867 5389 8274 4805 5056 5801 7474 2155
150 7510 3288 1793 7909 6708 6370 4807 4569 8684 4301 3147 7895 1668
151 7482 2353 4483 3561 8973 9263 7401 4645 2329 5041 7004 3846 5437 4824
152 8224 9858 3608 3232 9069 9686 7065 7860 6320 3625 4576 8898 9027 6153 2643
153 2816 4386 4759 5251 2938 2880 3222 2741 5781 6531 9818 4264 5111 1515 9615 1607 8491
154 9963 6569 8940 7914 2461 4332 4685 1678 4619 2643
155 5204 1153 8486 2823 5855 2302 3613 7940 5371 5873 6541 2962 5869 6608 3074 321
156 2669 4032 4774 8389 1318 8016 5339 7573 151 8172 847
157 9196 2958 5121 6899 6961 1976 4754 4838 482 2574 8780 3965 1997 2643
158 1034 4891 6840 8595 6862 7743 4142 3707 9413 7296 3610 503 2327
159 8722 1573 9784 9493 3469 1146 6464 6030 7044 7679 8247 5017 9737 6675 9374 6534
160 2566 6577 2197 4031 182 2127 273 809 6260 9060 7314 9953 2533 1375 2264 6258 9013
161 831 5240 102 2160 5553 7190 9738 8010 2169 1267 1785 7922 6385 1871 8406 2962 2986
162 1309 8640 1113 8914 7811 6035 2590 9543 6234 9250 702 9191 8431
163 7118 7327 2422 6060 8162 6171 4906 3689 1481 7110 8916 7148 4801 1134 5175
164 3481 5611 605 3356 2463 9673 8833 2848 5525 6763 1555 7044 2962
165 3581 3588 233 6503 1357 3820 9333 8195 6269 2293 6606 2676 3173 4941 9674 571 2426 6270 745 7762
166 5359 1819 1180 9304 8238 5805 8206 7113 2710 9485 7762
167 740 2818 2401 8594 9546 7925 2215 382 913 6232 9244
168 2082 2129 8993 9895 8999 5858 2470 2285 336 9470 4901 9733 8209 8994
169 8943 9224 6676 9897 765 27 8118 7537 5867 8483 6684 139 2113 6428 6028 9075 9129 79
170 3152 8986 9459 8240 1081 237 1940 2641 4938 5293 7861 3865 2349 2699 8644
171 8426 6125 8471 7298 9626 4304 258 7043 4501 6020
172 592 9774 5838 9364 5666 7581 8303 8810 5881 7329 870 3885 8522 5458
173 5957 3727 7789 2194 1958 5683 140 5447 7642 8948 2859 9842 5846 4901 79 979
174 8544 1622 9499 5405 2547 4159 329 4334 1630 2628 4253 4314
175 8099 6507 6362 4819 6290 2803 8876 4591 3693 8070 8977 2879 4486 8844 321
176 9885 9643 4524 5961 4015 5166 6848 3645 3275 2536 7984 5290 6482 139 1343
177 6599 8683 3429 208 8407 3721 3320 3209 5230 1652 2061 3602 6730 6216 8671 6141 5445 3012 2962
178 4819 956 8514 626 9102 932 9959 3794 674 9764 8057 6525 5400 1835 3119 1246 8994 7736 5869
179 1674 6258 5923 4301 4647 3061 1354 2389 5929 3776 3796 8275 8150 2215 2742 4055 2480 2413
180 8646 7552 1927 706 1146 3274 4241 9700 5525 8507 7087 7880 7762
181 8498 1282 8960 9318 2950 7058 1558 5986 9721 463 6650 6613
182 4995 8580 6089 1665 6628 7415 6639 5327 2785 7925 5168 759 9758 2327
183 2804 1215 1555 4294 2992 6066 997 5983 4294 8725 9641 5429 7069 9292 6938 9842
184 2549 8766 6134 5779 575 2501 5176 5582 7237 2976 5418 1435 3540 5445 2437 650 3894 7949
185 1964 725 1077 5691 8463 6025 9799 4740 8480 2887 4437 6692
186 9171 8163 2584 7114 6224 5601 201 1162 2977
187 5430 4183 1114 2472 6545 6209 2722 9955 6846 5206 977 5006 7219
188 1032 3340 2240 2395 3182 6748 3074 9900 3037 3454 3144 3905 1595 6248 6270 2100 427
189 3333 5127 5093 1906 175 827 5786 760 176 5446 7575 7652 7652
190 8098 9360 1893 951 7655 3094 6871 8429 9147 9924 7606 8512 5715
191 5073 4187 8574 3971 5158 2798 490 6264 8457 300 3936
192 2515 6974 9015 3267 6607 7026 8345 3180 1813 696 6875 7413 7153 6613
193 2934 5548 5462 2074 9696 3111 963 77 6167 3018 1602 5741 3117 259 569 321
194 3077 3454 2006 8866 6320 5805 165 4512 8231 4230 8298 8752 6523 7426 8212 712 6537 1299
195 6144 1170 8410 7245 992 1586 3210 1387 8460 1410 9294 2531 3077 3584 1343 2962
196 5972 9512 6452 3987 3537 4103 7601 8748 645 887 8747 7434 437 2892 3371 7413
197 2687 9935 2745 3857 4909 7453 6514 3002 5565 7307 9805 3238 7088 7652 7949
198 2124 1989 1718 7213 5914 3774 6572 4987 340 3726 7709
199 161 1078 1978 6997 4039 1006 7737 2494 4124 3705 2538 5677
200 747 4978 1289 341 7290 5346 1719 3529 5862 5388 6609 7801 2164 3870 427 8722 79
201 9933 9288 5909 2983 7475 7492 5686 7816 3895 4341 2506 6588 9265
202 4284 2099 1715 5883 659 799 1708 4409 1793 6608 8840 4923
203 4841 5607 4878 1135 5787 746 2777 3786 3128 4688 766 1912 1710 6258
204 6227 608 1189 7318 2017 7943 9707 4896 1777 3114 3837 9989 148 8994
205 7567 9694 7003 7058 5508 4704 8890 5842 5797 6611 321
206 1600 2631 5046 812 5581 1424 3943 5691 5177 8400 1391 9565
207 3722 6550 3703 535 4710 4851 4880 3805 8187 9529 8949 8033 709 5679 503 1668 7880 5677 9545
208 1394 7939 7525 3401 9 7837 2191 366 1920 337 3291 1702 5962
209 8008 5462 7248 9747 287 1799 888 4887 5451 7474 7754 3351 1695 1665 3877
210 9108 9140 7909 2843 2111 6954 8740 8898 3937 9848 6054 4035
211 9366 7114 6338 1927 7638 3013 178 2006 3595 6331 239 4909 8491
212 3202 319 8156 4633 3132 8352 5285 8763 1977 3419 3499 7968 979
213 5146 9019 1276 8580 7226 5204 9939 9029 4651 674 4242 6337 9230 2595 3261 5962
214 6332 6854 2412 1867 5554 4806 9256 7823 517 6037 4347 7664 7762
215 1000 5886 3742 2457 868 8159 9448 2301 6302 2419 5322 3877 8994
216 6953 2291 6478 3879 311 1298 1522 9675 1663 3270 2781 7038 5810 6938
217 1111 5395 433 5353 2231 9388 5415 9048 9997 3424 1871 1763 79
218 9194 8542 5950 9034 5055 7164 8059 493 421 4561 7162 4377
219 5715 41 6877 4722 5300 6417 8445 9715 7938 2447 154 1273 6338 1383
220 2062 6712 7586 9395 1017 3946 2504 2550 976 9627 7945 2380 6919 5097 8130
221 3404 3363 3126 2109 8915 2197 2649 8224 1620 7884 5797 2396 4884 8116 4199 2240
222 6342 3999 3735 2203 7875 2952 3724 4555 9219 6776 850 8814 3207 4035 427
223 9388 1391 3548 7411 1528 2160 7542 1161 9526 2759 6918 6739 7429 2340
224 1963 2157 2973 7611 1790 1893 1316 2778 2603 3768 7110 8522 3584 148 8994 2962
225 2830 5825 1349 3923 7028 6757 4079 5360 672 220 3344 8267 9139 8812
226 463 8543 4097 2925 6231 7137 1854 6824 2845 1071 1871 7296 4091 7438 7949
227 5152 8303 2590 5345 9959 9757 5027 2685 7941 5135 8131 9726 2454 1979 221 2555 2240
228 5630 1479 5182 3450 8358 7398 498 6631 8718 7935 5125 8005
229 7044 8994 4827 6379 699 6808 1909 7227 4133 7040 8817 989 9487 8209 3543
230 7953 9056 2294 5103 5401 6287 9276 8613 1356 4953 9462 5187 5062 4277 7153
231 6565 8793 8208 2346 7383 9080 6590 4832 696 2930 219 6351 6762 4431
232 4835 9878 8514 8715 6523 9197 4266 7453 1253 4042 315 8894 5738 5869 5156 7153
233 4225 4147 2495 3789 9248 5958 1178 1038 9255 9637 6502 2343 4319 1323 9407 6170 5862 4311 9301
234 6635 3153 7849 2326 2746 8204 1785 6375 5193 316 5235 4073 4402 9087 5895 8183 7782 2533 5880 9013 1668 935 979
235 4659 3871 6562 4140 8595 3387 2780 1165 8405 9032 9533 321 2240
236 3843 9378 1952 6737 2815 1646 33 8281 4076 4995 3284 3801 4527
237 8294 5388 3828 9192 2882 9889 7037 7328 2886 3069 94 9816 7787 205 9968
238 2432 7638 2681 8836 8869 1194 2573 4775 3644 6834 3612
239 2514 9888 5153 9326 5148 5818 2279 3189 8990 1495 3113 5715
240 5885 7676 7169 1205 4111 3308 9093 9941 2206 3747 1634 5247 9968
241 4158 4808 8900 8818 5283 1409 7482 611 9728 8392 4985 979
242 3172 6402 8953 8000 9646 2749 86 7917 7121 6646 1345 6743 8043
243 2719 8010 213 142 3508 1577 4987 1879 2465 9688 9852 2240 5412 2288
244 5584 1401 6496 3144 2730 1950 6647 9770 6794 6364 6325 1883 4513 5479 550 8233 8644 5783
245 8808 6509 7516 3450 282 6825 7078 8682 6918 9529 1929 9301
246 2119 5296 1040 3667 8831 5917 6260 3306 2183 2795 3126 8683 9273 3074
247 5920 2962 5069 7364 2602 3362 8785 3336 5195 6951 1115 2613 952 9579 4855
248 3770 6318 6786 969 844 1732 2655 8744 7975 8185 6982 9968
249 2274 5549 3135 8858 3837 9966 3469 4477 5509 5138 5895 9102 4073 4823 2555
250 6594 5486 2997 3358 182 9453 1348 1882 9526 5568 7732 454 3427 3936
251 2067 9980 8340 357 5963 8571 8188 7042 7223 4284 5019 7240 3140 2666 647 9533
252 7870 8627 3739 4531 2981 6908 2126 3715 5835 1850 8125 6770 1125 6545 979 6613
253 7495 5663 5112 2494 325 7021 6105 5675 5743 8774 9238 3700
254 883 8113 72 6423 6953 8428 7771 3995 392 7888 4651 2272 9618 4657 3232 2986
255 1063 4591 3086 5287 9131 2431 3563 8911 4444 566 705 8905 1850 2175 8069 5762 6101 2962
256 1494 6869 1164 3643 9527 7125 1078 5825 1479 7680 6529 1079 3376 8125
257 915 6454 9831 4550 4080 5389 9125 8841 9258 368 2381 5408 7659 9898 5029 5880 3894
258 9133 4635 2971 8750 3615 6164 448 1766 5536 9709 3032
259 1302 7384 8115 2450 4238 8965 6972 1991 3015 5783 1134
260 7718 9798 6507 3649 8221 6878 7155 8440 6381 482 9146 3706 3144 5064
261 316 9321 8383 6826 6793 6961 7216 3653 6181 1020 7 6955 7762
262 8228 4849 4008 9451 1372 331 992 5622 4281 5393 538 4988 447 5446 6547 79
263 1972 6341 2640 7615 1260 5379 4180 8619 3605 1045 4041 9398 6667 9667 4636 2707 5412
264 732 1176 8075 6946 6836 7469 9423 8196 5552 1052 2639 6057 500 8150 6461 6744 1353 2288 5715
265 4496 9811 8351 9634 1905 29 3544 1414 3656 716 3757 6502 1950 6216 8644
266 7105 3762 3030 3606 1676 473 8068 6035 2628 639 4703 1229 7742 3894 2555 979
267 8674 4353 1109 4296 5952 1556 9593 6116 9991 2735 3896 3383 2670 2240 5869
268 5714 3602 6353 6034 3562 5298 882 6066 2776 6133 4525 652 5583 1763 7652
269 1004 7448 559 4540 7986 8306 6506 5683 1982 214 8531 91 9014 3885
270 582 4133 5143 9649 8213 2225 9140 8272 5554 8336 7537 9837 3914 3074
271 5428 6586 4057 3081 1771 318 2935 631 4638 5950 8111 3543
272 7641 3484 750 4251 5146 920 4987 949 735 7072 200 2892 2128 9007
273 8085 9502 2630 8054 7208 6468 336 9508 5929 3079 5038 7265 202 6650 3936 1668
274 9466 1097 6826 3130 5864 1423 1379 6275 3526 7 3032 3982
275 6548 7901 9386 3193 6832 715 7528 1637 4302 3376 4035
276 2638 8739 2441 9281 5195 5153 735 9593 7229 7609
277 7480 8923 8965 155 8225 5477 8579 2202 624 320 9226 9524 3050 3195 5248 9573
278 1506 307 9355 6401 7792 9926 9211 1811 8408 2365 3125 5070 3775 6187 5437 79 7949
279 4224 3311 2327 8861 4306 838 52 1201 1309 2503 1942 3539 8029 7413 4457 3012 79
280 7063 3758 5127 2506 5331 3789 5493 8975 273 7213 6597 9685 5964 8134 3371
281 4965 9199 5726 8768 2951 9899 1621 5251 3409 7853 5810 6952 8040 1722 9999 7055 5715
282 5402 9004 4892 8664 2909 9292 3653 7022 3016 5705 4240 1613 8257 1784 7153
283 8714 4094 587 572 1777 2169 1640 5086 1320 1176 8396 7575 321
284 5754 3297 3677 8425 6886 7986 8088 8196 7999 9409 2699 9129
285 1716 8484 9671 4366 2120 4565 9471 3724 3637 8175 949 6476
286 5000 4538 8989 8704 9887 1533 981 8796 4194 7256 5762 2555
287 9484 7527 1279 5450 146 7435 7155 8404 5023 6675 3982
288 6269 9734 4944 2296 6882 8520 5178 9262 5359 1297 724 7290 831 5177 4027 5752 4340 2240 935
289 5179 759 4671 3802 9172 3934 2722 6148 5442 1208 8059 9811 8716 6134 79
290 6172 4908 953 9315 310 8444 8330 6654 328 2424 703 3363 7285
291 5765 863 4721 7784 9532 4671 1443 429 3648 625
292 7817 4033 3600 8389 3038 2186 9537 894 1952 574 9160 321 2240
293 970 354 9732 9691 2998 8682 7796 224 9700 3461 5307 4531 7153
294 4326 6579 5085 761 2354 6103 2702 6681 9409 4483 6845 6405 5661 3708 3463 6054 7762
295 3693 827 9929 634 3846 2148 9238 3243 5829 8105 4352 5445 6547 9848 8812 2643
296 7425 4568 4099 9204 1598 2919 2225 2365 6690 71 2475 9301 9244
297 1302 147 1626 5144 7118 764 9861 8245 5342 1310 5715
298 9835 6389 8051 4970 6478 3227 8722 4304 2834 9602 2644 874 2369 3303 3820 6967 3894 9533
299 293 946 8041 3682 9554 7261 8520 2688 4387 9733 6189 7806 8887 3077 2327 9007
300 2296 6522 5580 8288 8741 243 8186 5750 9997 6640 780 1083
301 4558 738 7404 9146 7258 8004 1357 3565 4778 3840 6039 1383 8851 7029 8922 6672 847 7699
302 2545 3442 297 6022 4417 7967 6492 7635 1734 5347 4778 8442 5437 8140 3781 6296 374 6101
303 8984 5789 6345 4118 500 3963 3318 814 8487 511 979
304 1291 4915 1708 2430 5547 8794 5676 7797 8568 1007 5520 5504 8626 6404 2
305 7846 1270 1248 3284 8944 9352 1956 1901 3096 9833 5757 2744 8776 712 8028 7240 9968
306 7545 6851 3614 2614 4158 6558 1571 4484 2492 1978 1020 5748
307 9568 7424 649 7042 4296 4434 8021 6315 1386 2175 2121 7762
308 4508 9650 5382 4966 6686 5757 1020 7362 339 7556 5880
309 644 3615 2211 5363 5977 2834 3892 3019 167 6544 925 9374
310 625 4292 6211 1581 1757 7734 8241 3132 2871 6311 2563 3263 8800
311 2824 9001 4763 7215 2071 2614 7648 5017 9167 5867 8183 5437 2
312 362 8705 8234 64 6663 6180 2138 3966 230 7034 7234 6020 7517 9968 6938
313 9867 0 3104 5589 7131 5331 2256 5312 2457 6615 1938 1840 1948 6134 2158 9129
314 5045 6437 544 3785 4293 5094 3009 2329 2939 9705 3752 4855
315 3390 5606 3418 1171 2622 4981 9189 1657 1495 3012
316 4594 8295 7289 9993 9604 8067 1577 544 6018 8837 8118 347 1311 9047 9834 3106 7736 5412
317 3723 9184 1639 9457 7058 7999 2959 6676 4393 6705 4354 8614 2875 8387 3074 1984
318 8624 2400 7523 8786 102 6554 9948 1325 9351 7013 6948 2595
319 3746 8672 2582 4840 5363 3285 7279 3991 5738 5083 6189 3053 6161 79
320 3983 2757 1456 9168 9808 1164 788 5651 7965 3987 9889 7827 2685 2263 6584
321 8588 6540 3153 4421 7426 734 7164 3229 6183 9348 7843 7023 1336 9483 6635 2240 2962
322 1431 8625 5394 3064 574 4332 3015 1914 8966 1888 4175 5193 1721 2923 7454 183
323 6439 7792 1639 8597 2234 9711 8216 6706 8987 5209 3054 6547 376 7219 6404
324 3537 8581 5078 301 961 4761 7734 3422 1299 8424 9585 2109 2340
325 2479 2548 2236 5764 5161 8674 7340 6709 9830 6625 1763 2555
326 2308 5509 5151 8819 6624 8785 754 8710 6379 9430 3728
327 6492 8586 7543 3454 8276 2850 9954 4532 5424 5182 9348 5446 5122 7883
328 3171 8629 9064 6017 7234 1841 6694 9242 7121 1717 7367 2288
329 7797 8904 8954 3980 5287 1348 5185 5537 1678 66 6878 1903 6428 6258 4199 2962
330 1692 2584 4087 5013 9959 3315 3087 9156 6799 1571 6134 3877
331 1602 7682 421 7847 7972 3267 3068 3524 1796 9011 8928 6404
332 4242 6158 7843 3586 657 1399 4185 661 8455 9178 9990 6101 4985 8125
333 8935 3594 7090 8779 8735 84 6008 3609 7459 2406 2485 7956 2752 4510 2143 8495 5219
334 2469 4186 9475 5275 2715 2161 2436 4857 1307 5216 2760 8462 9007 1668 3012
335 7409 8732 4270 6105 6507 6778 7747 5477 425 2695 5789 6840 7526 7351 9083 2897 2109 7438
336 2658 7741 8469 838 2187 8280 2201 9809 83 6587 6201 1625 7060 5307
337 3442 8823 7201 3929 6205 7726 8739 2796 3240 412 3982
338 7965 4478 5447 5389 7213 1202 8410 7693 5873 65 1629 190 7429 8125
339 4291 6258 6626 7859 6717 8348 5110 7573 1078 9255 5680 2038 1364 1571 2288 5880
340 2272 5534 3587 9953 9241 3794 7307 1075 7741 2721 9023 3543 79
341 4814 588 243 337 5032 3014 2567 9073 2657 2292 3163 7153
342 4010 1438 8851 5242 9085 8898 5582 2296 822 6928 4972 539 9993 6082 3936
343 2008 9657 6480 6273 5808 3848 3611 7525 2788 3870 8363 9014 7688 3012 5607 7949 5925
344 7885 4291 810 9312 6713 5637 3573 3277 4901 9167 5639 476 8209 8130 1668 3836
345 4066 3394 2648 468 2691 9018 9736 9036 8334 3132 6863 1956 7153
346 741 6063 5158 8260 1000 7543 8264 6524 1657 1303 1877 300 3074
347 3249 9079 7522 9510 240 7675 5152 8143 2290 6042 7606 8188 3506 6049 6115 2155 4787
348 9859 8880 7248 2515 3907 1752 6341 2466 8594 4562 4665 877 9330 3584
349 4461 4086 8081 4674 6095 7741 4620 6413 4522 491 7130 3304 7652 6613
350 8461 1379 632 5686 1574 5809 4448 4054 4121 141 3835 6334 6020 3982
351 8136 9776 1394 1740 3681 9414 513 8781 4464 141 4736 1052 5693 218 4795 2085
352 3501 1108 335 578 8882 8615 9243 6861 9968 6621 955 477
353 2987 6762 8882 8167 1694 828 6758 8319 2485 7043 1128 3396 1982 3697 399 6467 4664
354 5660 2000 1620 1693 7681 8331 4181 9577 5163 5310 2494 2927 1246 2404 5715
355 3628 166 4059 9061 9676 918 4288 9159 2717 3586 3012
356 4151 917 9597 6637 5666 907 3784 9477 8367 8921 8743 2206 7087 4037 4326 8125
357 7086 1226 3586 6434 1408 2229 4553 1071 4632 2325 2825 4597 9843 9820 4913 7732 3012 2
358 6964 3961 5036 96 3824 1044 5466 3542 3005 8768 206 2014 8934 2121
359 2125 8964 8308 7413 1577 8850 864 416 5228 3286 6695 877 2190 321
360 2089 2130 4585 1960 6595 2076 6030 6316 6176 8307 1429 979 6938
361 9791 5503 9768 847 8872 9583 4984 1765 9365 4444 2083 4924 9834 7713 7048 5248 9129 1668 7949
362 1151 9266 6103 421 9206 265 2844 3426 618 8659 8097 3074 1625
363 1540 5779 3657 8258 3525 1981 7162 3048 8227 8638 8199 6353 1882 574 4624 1042 3758
364 9317 8972 89 1236 6133 4998 524 3486 7772 8815 1091 6368 2634 8287 5871 3012
365 1902 4439 348 882 1294 142 4394 9437 8062
366 8609 1657 1070 6691 8675 1021 4577 7350 9640 528 7302 9388 8664 3320 9224 3074
367 8781 5611 2939 7775 9405 5706 1698 4445 3461 8036 1534 4988 2818 9270 3316 238 7762
368 263 4461 5571 3860 8703 1255 7967 3748 8605 650 7713 2962
369 4032 8464 720 3784 2155 4693 2803 7840 4258 6740 3825 5029 3081 5880 935
370 5419 29 510 2780 9274 6606 7414 1822 3748 7598 5005 2904 6082 9224
371 3536 6823 9106 1789 7962 5836 1574 9626 7314 1317 600 6784 1299 9404 7438
372 8109 7591 7318 2005 6175 2176 7304 4140 4257 5379 3764 4597 7763 7114 3883 5412
373 8443 3604 196 1710 1851 7974 8138 4237 7087 3037 7469 5966 9075 7438
374 694 1682 860 36 8467 4595 8133 5220 7294 4013 3745 1091 7852 4326 6101 79
375 8032 7231 7308 3793 6872 7625 539 2499 1774
376 9087 5679 4401 7513 5054 3851 9871 2851 9407 9389 8419 5229 4148 5437 858 7296 427
377 8501 1838 6166 650 6794 8734 4963 1586 5078 3933 1351 1762 3163 1246 9580 1979 7438 7949
378 2044 1451 6546 7214 5434 8521 6042 5131 2191 1405 3193 2240
379 5626 8410 2900 7738 3655 6718 1002 6715 8630 3962 2768
380 5285 233 9233 3747 4582 8689 1943 8637 7082 2680 3293 6889 5340
381 227 3404 4382 7174 919 3438 8457 1046 2460 3877 761 76 3877 5715
382 9215 6925 1327 6905 3829 5100 7899 1212 1881 5697 1888 6560 6672 9265 2962
383 4128 4662 5672 4308 6132 3035 8384 7143 2476 9409 2233 2182 1423 116 7968 5504 6613
384 8014 7239 9706 734 8297 3125 8416 6437 8587 9370 4871 1542 5310 6149 9316 1335 1569 3836 935 3936 7762
385 8106 2070 9693 6231 8899 1150 1134 1309 7377 9882 4201 1639 7699 2962
386 2823 8073 8743 5919 7389 5574 7232 8934 5717 2263 1287 6454 935 7699 9453 3074
387 5429 1581 16 5960 8722 9933 4402 9068 165 1648 3388 5401 9705 4462 2673 6938 3146 5340
388 457 20 3764 8253 7784 2030 895 2868 5119 8213 3762 2458 468
389 9368 7345 2803 240 8225 1583 2829 3038 6716 7155 4873 6369 2407
390 7111 6467 2945 4808 5141 9703 2900 5905 62 2061 4131 4086 276 6153 2
391 5690 686 3476 5560 6720 3074 1423 1195 8546 9137 4994 7251 5853 538 798 1287 2555 7153
392 4696 7218 8384 8275 2392 605 4599 6616 3037 9295 828 6062 4558 5885 935
393 3785 5710 5244 4994 6092 1006 1673 8960 996 7629 2650 3376 2 427
394 8298 2586 488 1763 9804 4347 8117 7730 8388 9537 479 6964 946 6909 352
395 550 4387 8357 4801 7112 2485 1861 3963 5400 8743 5189 4135 8447 6953 1383 8130 321
396 783 7248 6646 7122 8186 288 2562 945 1106 4123 1686 4517 9031 4326
397 5032 7542 5838 6064 9415 2734 3350 4997 2967 3997 8967 8293
398 4572 3283 2645 5256 9864 2837 2221 8241 3210 6187 8632 1774
399 9059 728 5680 117 7377 1436 4851 7163 2152 9695 8920 7762
400 6594 2037 814 6568 9414 9655 4307 9057 5347 8359 448 1987 3074
401 8281 7543 5008 7426 4271 7025 1416 2736 7279 427 7153
402 3193 4470 4422 9760 8673 6205 1307 1280 4835 1130 7386 2858 9487 2155 7762
403 7690 5345 9450 4356 9959 7965 3780 1309 3373 7489 9451 2986
404 1176 458 8627 8562 2138 7371 7317 3867 1243 5373 6547 374 8994 2
405 8295 5011 5515 727 603 4396 4159 4122 2372 1686 9611 3885 7120
406 7465 8471 3216 734 3600 16 5234 6934 6348 8375 7837 4400 7997 7413 5962
407 3059 2263 8889 1824 3745 3242 5603 4904 4612 940 6229 541 3885 9968
408 1558 7288 4769 9960 7459 3895 9067 6456 2864 4693
409 613 1274 2234 3626 3056 8511 3279 6295 7274 805 8789 3673 4107 2962 6030 935
410 2491 7484 6774 7330 1296 9245 429 1735 5007 3001 4580 8470
411 5816 4716 3563 2077 884 265 7779 3977 7218 4955 5702 450 3023 2288 321
412 2596 8424 7902 930 662 6952 7353 2737 9666 210 6144 3735 9094 638 1758 7105 3700 4199
413 6471 4557 3523 1664 8010 5490 2329 2140 4870 1223 8462 6458 6827 9968 2962 321
414 624 1992 3299 2462 6745 9147 8676 6721 1331 2544 4108 447 6613 7240
415 312 4251 5466 133 1458 3462 2915 7603 4191 8571 9968 4326 7949 3012
416 191 1280 5705 5561 7852 4475 3256 2913 4867 8958 3434 3728 3982
417 3416 8216 7903 5202 7117 2258 8361 8904 5628 5232 1737 9283 1623 139 3048 5902
418 936 3463 4166 7235 8743 366 3655 4386 2458 5856 3286 2191 6170 8069 7709
419 4088 3158 4825 5016 8241 1055 3888 7660 2555
420 442 2189 3791 5414 6191 7028 1224 989 7192 3381 3802 4912 1668 2 2240
421 5155 4014 2212 1632 1238 1242 6221 8742 6511 4431 7470 4829 847 3251 6102 1890 4558 4352
422 8952 760 4849 8240 5884 5829 6364 8718 9076 5962 4378 3936
423 3097 6665 8957 9196 44 6516 9397 8272 3873 9905 199 4985 1956
424 6055 2530 242 6488 6841 9370 7818 4667 8810 7713 9533 3936
425 4252 84 9247 6196 4280 9028 3217 1881 1093 3978 3867 7110 1625
426 6611 3415 8739 2745 7736 5956 9823 7078 3715 70 675 3896 10 88 4569 8269 5326 9930 7153
427 2013 2500 4995 1336 6722 1881 6444 2818 8033 5431 583 3113 1937 53 8920 4437 847 2409 2555 3894
428 9366 7901 7980 4289 639 6353 5015 178 4263 9928 676 7713 3982
429 9588 8399 6461 984 5991 844 2180 6511 8443 6920 9138 2986 9533
430 3525 9725 2386 3973 5587 9823 1302 7020 2873 76 79 5762 2288
431 7340 8779 4456 1788 4064 8461 8536 6433 6102 4035 1668
432 2161 6793 5794 4791 302 7525 2059 8413 7603 5468 8523 7929 1139 367 447
433 5407 5552 5208 7467 9239 3853 2499 9060 6641 5024 4328 1048 9598 6991 3982 8212 2288 2962
434 4195 9159 7197 4243 529 2078 9954 6349 2552 6863 8057 4749 247 5446 4035
435 7685 8011 9648 191 5099 4791 3592 5958 7713 6827
436 5933 6345 8021 9650 6119 8459 1230 6096 4292 820 4170 3012
437 7807 1398 8278 2055 9558 9657 193 2727 5883 6447 9667 8331 8193 8671 3885 4855
438 7770 8216 9161 2028 5550 1361 854 9816 1386 5240 6143 4985 6447
439 247 7206 262 9622 7353 2673 8430 8943 7461 9526 7173 5660
440 2925 6723 5730 8145 516 8803 5661 5614 2985 8983 2483 6895 9531 4624 8248 8649 3584 2704 838
441 4089 2805 9137 6609 5503 9445 7544 144 7155 4466 1800 7185 5917 1979 3012
442 3959 1044 5085 2922 3988 8170 8391 4936 6589 6282 3153 9930 979 259 2555 2986
443 4913 9079 3783 7540 5350 7859 5022 9459 4777 71 6881 802 2100 2699 7874 9533 9467 79 4326
444 6253 5429 1889 1285 1695 6549 9313 7117 5887 2706 4924 6470 6691 8143 5483 6931 1139 2611 2938 2240
445 6179 6195 1902 1195 5897 2798 7751 9604 7525 2536 4911 947 5504 7921 259 9465 7652 321
446 9067 1441 3280 7536 4821 4034 2879 4243 9331 8015 55 5795 6370 9132 3561 3316 9931 2858 8910 9139
447 296 3821 2770 8650 7171 1115 5567 9716 3202 7770 2464 6258 8125
448 9126 3886 1672 4559 4489 8942 9061 7025 9739 8535 6537 3894
449 3947 6502 3813 6069 3622 4116 9134 4942 2169 6465 8221 5329 2404 8722
450 810 6507 1181 2744 2120 8183 6176 9818 7591 5704 5693 6265 756 3227 7545 4985
451 9148 9229 8061 4891 4328 2872 3707 3351 1028 2403 3363 2904 7153 935
452 2707 250 9093 3015 5880 6115 4907 4736 5146 8845 366 1517 2199 687 108 7585 7949
453 2730 1342 9440 4310 3392 9372 3031 395 4693 1565 3014 2433 6355 1476 3377 8994
454 7776 6974 6704 9715 3281 3414 7662 60 200 2555
455 3501 2107 5179 8084 2572 107 4224 6925 5529 8391 9716 847 9139 935
456 7489 5359 9711 142 5401 9800 4596 4899 6663 8942 6575 9292 1798 9303 7147 7296
457 9986 7362 9445 8391 8720 267 2868 8434 8960 4071 379 2192 3158 7429
458 3324 7567 9930 9094 7221 2754 5230 788 1935 8749 516 9547 8814 6321 647 6327
459 1259 4029 5662 7643 5043 6563 4182 915 4172 2245 4996 8307 6616 8387 656 2611 8387 1984
460 7775 8600 7883 3195 3018 338 8728 7276 7947 9569 8337 2249 4766 6958 4797 9199
461 2963 6357 4588 4287 845 8358 3775 8861 4013 5860
462 7318 8090 5859 318 1636 3067 5886 7879 9412 5534 3386 2962 2240
463 3727 5880 2371 5492 9655 4485 9482 2539 2871 3691 4189 1908 4501 6379 1534 2643 3521 321
464 2500 5533 8806 9690 4039 9529 4910 5960 1705 1984 2943
465 4649 6517 2147 3973 9429 8526 2133 1670 8236 6286 6445 5866 1366 7285 2555
466 9967 8516 5796 9797 8980 8060 3744 9342 4822 2101 2314 8116 8140 4402 5451
467 3716 9988 1191 9458 8279 2351 3028 4364 7406 6459 345 1276 2085 2732 3043 3936 2
468 5659 1618 7249 3829 9828 4279 7231 8773 9381
469 9590 9170 7947 8074 8328 5131 4325 7946 1745 3244 8140
470 9440 3121 9683 5442 6763 8413 7363 1574 6056 4077 7698 6937 7443 4107 552 9301 3836 2555
471 4370 7239 8707 8604 1163 6385 4688 1637 9420 2417 4752 8125 6115 9224 2666
472 3928 7430 652 8287 3739 6780 3310 530 29 286 444 6903 8387
473 3211 9862 27 3122 2483 5084 7073 8822 9920 9839 6048 640 1219 1091 3103
474 9566 6208 5277 6144 5499 9641 6961 2462 773 5734 6078 3230 6054 843
475 6076 2225 6213 5504 2703 638 3041 5624 8272 1536 9215 3936 321
476 616 4214 1930 568 9308 6654 5392 6912 1695 4137 9003 4786 5219 7153
477 1757 1220 4837 9266 4508 5540 6231 4071 5365 2188 6062 4123 9798 9834 9483 3936 6101
478 5679 7713 5677 8992 9463 2196 2896 6329 1682 7893 5526 2623 2759 3521 7713 1668 5715
479 6880 205 7991 3812 1625 9845 6378 5025 901 387 7924 1226 277 7802 3964
480 7362 5433 1179 6541 9521 9305 9815 9624 9366 7584 3412 3762 9311 8005 4901 2240
481 4319 6395 7306 6809 3253 8806 8647 7185 1637 4757 4511 6061 412 6534 2240 3012
482 2215 4646 9675 5266 8261 6309 5117 9189 134 6491 4784 7759 8005
483 4739 1047 6691 9587 1218 3504 2953 4561 6959 9595 8072 8814 3758 2 8125
484 798 7503 5322 8092 138 5485 2286 9522 4045 679 7338 6457 2572 5339 1256 7219
485 9274 8831 7075 1628 8698 360 3031 2508 3404 29 9329 1562 2150 7133 7699 5962
486 8390 4830 8081 725 7815 6335 8152 3307 8159 3018 7251 6387 3074
487 4136 2224 9395 7627 912 1719 7197 6783 833 5375 6743 752 3377 7413 7806 5677 9842
488 5997 3097 4755 136 137 6065 7218 956 9566 9664 1428 6232 4211 8491 4282 3362 7880 3630 9842
489 1847 1942 7904 5555 7329 2228 7197 7500 3887 5049 1448 6762 4093 876 4457 79
490 5525 6428 7617 1352 6429 9389 5610 5013 5930 6275 7043 9733 8105 6613
491 3787 259 6640 3051 2956 5023 4490 648 6116 1450 4183 5384 7289 3672 6924 2175 2013 321
492 2796 1945 2860 9654 5958 8211 2256 291 1604 5257 7569 4965 174 9392 1878 8918 4326 9139 4765 5715
493 9233 5656 9931 8517 6422 8119 9638 3240 6628 3634 1467 8780 2082 6401 1984
494 7152 4671 174 214 7688 4341 4703 1650 1437 1636 1548 4691 7889 4170 4341 4901
495 2547 2996 2227 1733 3332 2186 1892 3397 741 1430 1058
496 7134 2981 4523 7484 4763 5649 3672 1902 6992 7755 7954 5885 1868 9465 2643
497 4431 573 972 6626 9711 3541 5396 8523 6752 1677 3714 6666 2872 731 8344 6538 2986
498 2730 1606 3895 3392 670 6501 211 2313 4216 8175 9934 7682 2426 3005 6390
499 7116 6132 3900 322 6959 1916 719 4347 9755 2300 6535 7975 8029 3079 935 1105 5762
