500
0 9503 4178 3298 7186 4486 1435 8023 226 976 2014 8450 412
1 812 2177 6733 3670 3941 2190 6349 9590 3591 3802 1997 7765 3184 2768 5064
2 2276 6366 7605 9717 172 4914 3181 8465 5773 3435
3 2560 490 6653 2607 3596 5159 2802 5317 8572 871 4485 4402 7659 3395 6613
4 1319 8460 6426 9874 9995 199 1962 9636 3378 3147 8717 7043 9965 6459 5122 9301 1668 4314
5 3838 7006 2345 2248 5532 4720 5965 1662 1265 5051 6155 8343
6 8637 9364 8740 9351 6527 1834 4388 4812 6529 374 733 6336 4362
7 1982 231 5859 6972 5652 8385 2289 9844 2635 238
8 5393 8198 7193 8620 263 2548 6249 4253 3933 9997 780 5458 1731 5748
9 8758 3643 7400 7537 3194 6917 1734 475 3099 6290 3693 4121 7740 6986 6692
10 9820 1445 3636 8738 834 265 1272 8527 3816 9921 8313 6045 952 1638 1105 843 7438 1774
11 9571 7642 2822 9245 4174 6830 4593 389 2895 6261 7610
12 4622 9550 1849 5312 4347 7869 7907 4288 1326 3553 7179
13 5795 4779 754 3625 9702 8453 2723 6587 3235 6299 1535 3905 9933
14 5968 6281 3549 9400 9101 4004 3876 1011 8602 616 9090 9478 514 7244 3543
15 4380 4761 7066 3883 2736 6067 1773 3456 9006 9759 6027 1452 6029 1774 2146
16 1611 5917 266 7558 723 2709 6876 716 2785 258 2087 8167 5942 2704
17 1576 1927 8642 8798 5712 9761 1866 7339 4264 5343 1289
18 362 7884 367 5010 2220 1572 1954 9061 1463 1077 779 323
19 7220 436 1301 6410 8436 2118 8866 1007 5070 6244 3316
20 7121 8461 5312 7912 8888 9054 3389 9549 9076 8006 4739 9496 1984
21 1770 2436 7791 4042 6765 2431 4495 280 260 3626 398 332 9908
22 1603 6109 2370 9828 2592 9856 8244 7045 311
23 891 5617 8200 2946 4381 2453 5360 6640 2967 8681 1060 2480 8125 8005
24 6263 5427 9121 4206 3419 961 5456 8123 7120 255 4176
25 7322 172 8864 2336 3177 2425 8 8024 5090 6534
26 4714 3118 7918 4255 3650 6639 3021 2690 173 6340 167 9139 2155
27 1205 8906 5040 5070 2977 9763 9833 6948 9741 9740 7874 2698 9453
28 1344 7604 7119 8605 2105 3152 9133 5708 8159 3749 6433 5166 8043 9615
29 6673 4934 268 2796 2787 1531 4291 2219 9767 1419 9709 5783
30 9428 4158 8583 5391 7352 7847 1142 3692 4786 3260 7987 8195 7624 3073 9004 5060 569 5962 5507
31 8816 7851 1953 5829 9556 4936 3780 3408 8924 1766 7744 4340
32 372 1158 4991 244 2498 3368 7439 9418 1328 3661 6119 5583 1557 7412 1839 5295
33 4761 4961 2727 3168 6831 9803 9966 5138 4053 496 9008 2892
34 4859 3918 1035 3048 2103 6114 2653 230 6433 8346 7396 7477 4893 9199 5507
35 2418 5521 5892 2548 180 391 9415 1330 4912 6487 116
36 9081 2424 7057 7684 216 1801 6126 4320 2239 7054 7923 7955 3585 7373 3032 4314
37 376 5019 4304 439 418 1096 142 506 4355 5280
38 4018 3471 1407 2703 4533 8655 9231 7407 2740 9573 2264
39 8566 22 4534 7234 3080 4559 8787 7758 885 7561 4803 2671 8638 5161 1638 46
40 7195 1827 1457 5476 9743 6370 2755 7003 7247 2635 1149 8043
41 6121 2314 5701 6919 7268 440 5425 2269 4670 9990
42 8157 7313 4661 9744 6424 7236 9026 4367 6241 3981 8420 5426 308 1276 8947 3261
43 2339 3457 1123 4735 6950 8971 8223 4363 8858 7774 2885 328 7795 7519
44 93 720 6024 2680 1091 7877 2532 9511 505 7800 1394 5172 574 5307 352
45 1649 5478 4561 2294 1553 4159 5925 3815 1764 3309 1595 3325 3348 6270 4399 5340
46 9367 6135 1882 6033 851 5409 7749 4435 3775 9855 2032 5566 8910 1979 8994 745
47 3150 9132 8458 5192 8878 9547 7595 3778 7593 8676 8017
48 5744 9485 4023 4051 2609 9340 981 7048 9050 1929 24 4644 6650 5390 9129 7992 6258
49 3005 720 4546 4419 2972 7160 7210 571 9063 3315 7255 2282 7392
50 1343 3587 1513 2033 9419 6857 1455 9138 8246 9731 5578 9088 4199 1042 259
51 1049 5350 9302 3978 2341 4084 7269 2164 660 7274 2398 3524 7038 7575 5748 6938
52 3471 4424 9250 6419 7160 9928 8271 13 1523 9607
53 532 8718 8160 2676 4746 7865 4426 2540 5850 4162 1464 8844 6613 7670 2121
54 5850 6497 6498 7353 2773 8593 6105 6157 1440 276 2012 6777 9821 8807
55 4684 6311 5592 2672 2217 1416 3608 9057 9088 9468 7147 1871 7992 7732
56 9376 3287 1510 4265 1626 1230 8617 1398 1554 3819 5531 2058 5434 5131 5543 1123
57 8163 2771 4675 1627 82 6978 2281 4629 8120 3374 4846 5508 5862
58 5422 4327 5351 3312 4869 3580 6805 2648 2691 9422 2704
59 3904 9558 4741 5406 9474 8265 9653 2573 7598 5109 3644 1080 6127 1366 6967 9199
60 8937 4586 4345 939 1145 8255 6160 2079 7505 4552 7263 5381 776 9903 8431
61 2512 655 765 6522 8432 2054 8476 2214 8653 2992 2293 385 6790 412 4199
62 2125 4395 1362 8219 585 5341 1353 7659 1009 2895 9855 5794 7953 4429 9425 1429 6360
63 4728 210 8828 2405 8153 5181 4527 5001 8789 9022 611 4188 6739 9270
64 7493 1335 8817 7628 1431 9044 1250 4263 3284 9191
65 1239 2258 2213 5557 8854 9127 4579 4607 5308 2318 7044 4385
66 6337 6873 7357 9857 6500 5619 7640 1038 1923 4804 9930
67 2434 6154 4450 3803 8976 6890 1142 1532 6312 8302 5748 135
68 5007 2610 5595 4560 7076 873 2029 4955 8451 8336 6061 8220
69 4743 2550 4856 6547 9592 417 7937 8170 3705 8159 6282 3087 7294 7709
70 8538 23 4830 8467 7228 3306 9327 3642 2699 6415 3424 9573 8396
71 3977 676 4349 5899 1897 4076 7168 7980 8480 1783 5228 1668 8406
72 7885 4429 8263 3320 2235 3252 7123 1977 5728 6052 2280 4049 6100
73 3751 1180 4653 9104 8002 7787 8721 7733 8665 6287 5062
74 1590 757 5326 242 6027 9305 9204 9123 8728 7061 9609 7296
75 2588 6107 5573 957 1837 9203 3662 7191 4985
76 2693 286 1014 1198 2576 3971 7249 9181 3741 2864 6797 9946 7456
77 3745 6058 499 1804 5737 1010 7923 5667 6005 9493 3469 7438 412 6613 7699
78 4134 7122 9642 4083 2638 2368 1200 1549 5824 9637 369
79 6542 4344 2509 7187 1865 4982 7761 2902 8989 1883 8716
80 4474 4970 751 955 4241 1383 3989 9244 3370 5348 1420 386 5092 3841 1345 132 2437 7240
81 8311 9505 5797 8925 3864 1304 3169 9282 7491 7578 8268 4809 4626 7361 4091 7285 3584
82 3535 4223 9444 340 2393 4823 5752 7504 1056 85 5612 2042 5250 1980 1855 1548
83 6010 4541 847 6041 3558 3467 2342 131 1537 1320 3042 4060 4940 6982 7751
84 3340 4985 3119 8864 4734 3121 8290 7463 153 5992 7804 4143 4963 1583 1121
85 3464 9557 7113 685 7270 6520 3460 6943 5935 4967
86 9350 736 3599 868 6123 4824 751 1996 5211 1476 562 1925 2227 3479 5386 5156 5341
87 7968 2622 8169 219 5729 98 1122 4538 5044 7414 5857 4923 9007 6044 3720
88 524 496 8353 4505 1683 2203 428 5556 3398 4959 3772 5044 7969 6040 6747
89 2497 6054 9676 9235 6935 1322 1528 1161 3834 5940 5871 188 3783
90 4897 148 3729 2170 2575 4563 4051 9610 6641 5416 792 2768 6967 352 427 2643
91 8193 5836 949 6837 2275 7840 7723 1136 5073 2037 4258 7038 7786 4783 4286 3006
92 7769 8762 2435 1024 8370 6236 2640 452 9539 3710 6896 9045 7709
93 1161 6717 1170 8680 7104 4325 2710 8033 2609 3345 7379 8495
94 3084 8859 202 7306 2779 5622 5722 2711 3660 3412 5502 183 108 2052 7949 1343
95 4322 8805 1928 7188 273 3616 4583 5460 4364 8514 2696 420
96 5546 658 2357 2993 2683 2777 3786 9018 5218 4132 1538 4020
97 6917 8101 5998 7607 8862 3394 2878 9003 1937 6585 9295 1762 2584 6084 9270 3758 7133
98 4390 8305 5847 9796 4521 136 5075 3095 3017 9330 6292 6030
99 9210 2764 461 1835 3807 4209 8445 9710 6003 115 2564 3897 5194 4402 9075
100 6624 5754 9207 3691 2874 2459 8628 4780 9953 53 8920 766 3700 9545 7266
101 3926 1233 8352 7986 2910 4046 4253 537 5644 7447 7279 120 7053
102 9248 6035 3372 8647 2585 3855 2420 425 2695 9083 2897 4797 8257 4967 6101
103 3188 6481 9504 6247 9459 869 4154 333 7671 9720 979
104 2858 3376 7194 8510 4906 3502 8583 2583 2689 2465 4848 3241 8431 2278 2546 6270 6020 647
105 5280 1663 6259 4066 1352 3334 7926 4124 3666 8004 760 9040 7874 6101
106 5332 6573 7062 82 5715 594 5661 4641 5848 7233 2499 7603 6223 2232 4463 7167 863 7204 8125 9848
107 3664 7486 4450 4968 8678 2938 554 3188 2717 4750 4351 7589 6198 374
108 3841 8911 5407 4229 1327 4542 30 3353 7252 7721 8753 2844 6809 8833 6534 1790
109 5338 6038 4749 6636 4992 7204 3902 8674 3637 1888 4015 2963 5715 8431
110 7747 1686 7355 3884 9111 7506 9128 9344 924 1479 7680 9685 4170 9265 9713 3836
111 5533 2644 3583 1195 169 3294 8097 7841 8903 711 5961 5400
112 8577 7963 1271 132 6457 6560 2641 7171 7170 2598 4352 2875 6550
113 4530 8080 8508 8408 9722 8337 9450 5246 390 7014 6376 6404 4985 935
114 8234 5621 6324 7556 8173 7833 5494 3297 7069 653 337 5840 7454 5865 2179 1402
115 1711 7261 9932 4054 6337 1102 2931 2391 5093 3625 8930
116 9785 5731 4357 3244 5937 3480 3157 8962 6993 6281 1774
117 8481 1027 8645 2701 1064 39 760 291 6818 2476 5783 9654 9374 9270
118 1702 2482 7420 7957 2525 3974 2488 1264 8933 5474 8116
119 7321 1066 7445 1721 3797 1363 2882 6988 9513 3101 34 8913 4708 1868 3704 8193
120 4986 3755 782 5283 7663 9781 643 8897 8199 9448 3740 3100
121 2017 4243 9172 4414 667 1551 2742 1811 2871 3192 1946 3316 2413 3830
122 2385 4668 5140 2071 4477 9543 6012 3557 9767 7147
123 8469 304 6879 5508 3350 4740 9011 9916 3160 6672
124 2417 8376 4331 5636 5245 8615 6693 5940 5522 4213 9156 5373 1534 5762 1984
125 7233 5548 8738 6963 6331 8861 212 4312 7629 9799 9752 9172 4971 9089 523 9259 200 6170
126 4888 4580 449 62 3619 4623 7358 7223 8090 7481 5902 2773 9789 6327 2643 1774
127 2903 6914 8513 1070 9898 818 5861 4247 157 8147 4007 7692 2877 7948
128 8827 8131 4937 8119 1805 8797 7701 6043 2747 333 6971 6523 3543 2340 3612 9733 7001 5869 1117
129 491 441 3514 7140 7685 4293 6013 5776 6938 6020 4909
130 9887 7547 518 4769 6514 5416 7910 6556 1813 5915 2909 4240 7320 8671
131 3510 1567 5804 6601 3336 2948 5831 7 5126 259 4260 5426 8761 8887 5755 8693
132 7927 2920 1509 620 6395 2488 2024 6494 5702 3111 6584
133 9923 8668 2748 6412 728 5301 7305 8621 5519 3849 4036 1289
134 3214 1588 2556 5578 9972 4650 5415 9766 3272 6748 2806 1149
135 9169 364 6350 1359 389 9706 9839 786 7880 5468 5017 4799 3089 6141 7153
136 9856 5523 2126 7873 270 5766 3447 5517 5749 9316 528 1293
137 7870 7559 8807 4739 8213 7816 7196 663 4938 919 8462 6677
138 7144 8464 8167 2379 3649 3992 8982 566 3338 1509 105 4855
139 1767 8699 4908 7811 3293 1432 8038 3292 1795 7560 550
140 400 3806 6242 2751 1157 2835 4931 6843 6591 2463 8149 8493
141 437 1273 4412 8334 702 1625 5900 9793 1792 9832 5939 3364 1227
142 8174 3057 1633 7601 8052 2359 2786 6835 2301 9837 997 977
143 2364 673 360 1908 2404 9576 4181 8995 9056 8596 6355 6606 475 6044
144 794 2169 580 8074 42 4194 1899 710 8677 8172 5995 2518 1125
145 3382 6739 9041 3383 8329 5465 5941 5469 361 7210 6888 8332 502 2721 5523 2668 7049 6538
146 3665 3077 5563 7799 5711 3759 8056 2817 7839 8921 6112 7162 2577 8423 3758
147 5282 6931 6216 3885 4065 7674 4883 4843 7380 5944 8051 6744 2534 1560
148 3683 423 3502 3142 5787 8796 9739 3709 271 540 8169 745 6827 3023
149 7606 6420 4416 3262 7676 7517 5389 8274 8350 5634 6985 5801 9273 3801 2986 2327
150 7510 3288 1793 7909 6708 4807 4569 8684 9331 6959 7895
151 7482 2353 4483 3561 8973 9263 7401 4645 5041 7004 1666 1079 4904 6351 183
152 8224 9858 3608 3232 9069 9686 7065 7860 6339 7181 1617 376
153 2816 4386 4759 5251 2938 2880 3222 2741 5781 6531 9818 4264 5111 1515 9615 1607 8491
154 9963 6569 8940 2461 4084 7783 2399 867 3253 4068 300
155 5204 1153 8486 2823 5855 2302 3613 7940 5371 5873 2962 1574 7314 6771 1429
156 2669 4032 4774 8389 1318 8016 5339 7573 151 8172 569 8832
157 9196 2958 5121 6899 1976 4754 4838 2574 6180 1376 4958 9244
158 1034 4891 6840 8595 6862 7743 4142 3707 9413 7296 3610 503 3982
159 8722 1573 9784 6464 8247 9737 2195 1687 4204 9942 3020 7880
160 2566 6577 2197 4031 182 2127 273 809 9060 7314 7528 1375 2264 6482 3032
161 831 5240 102 2160 5553 7190 9738 8010 1267 2457 4778 3827 8406
162 8640 8914 1477 6192 1439 7685 8891 8921 4761 9000 9640 7517
163 7118 7327 2422 6060 8162 6171 4906 3689 1481 7110 8916 7148 4801 8134 4539 5340
164 3481 3356 9673 2848 8330 8097 6234 8435 7597 7127 3365 3505 3842 7732 7240
165 3581 3588 233 6503 1357 3820 9333 8195 6269 3173 4941 9674 8898 1522 2781 2426 8706 2128 9129
166 1819 1180 1014 7672 720 9346 6749 2353 4463 774
167 740 2818 2401 8594 9546 7925 2215 382 913 6232 9244
168 2082 2129 8993 9895 8999 5858 2470 2285 336 9470 4901 2100 9461
169 8943 9224 6676 765 8118 8483 139 7967 4292 8967 6385 9593 3865 6804 9075 8756 6447 2643 6547
170 3152 8986 9459 8240 1081 237 1940 5293 9626 7861 999 7922 8896 2407
171 8426 6125 9035 9705 7360 8800 6334 5602 3688 5175 7285
172 592 9774 5838 4657 7581 8810 5881 5271 4396 8710 2926 3304 8512
173 5957 7789 2194 1958 5683 140 7642 8948 2859 3896 6321 9842 5948 9970 8994
174 8544 1622 9499 5405 2547 329 4334 8708 1098 5048 9061 6627 1554
175 8099 6362 2803 8876 8070 4486 2113 8111 7562 6657 9158 4828 7759
176 9885 9643 4524 5961 4015 5166 6848 2536 5032 7935 4995 9187
177 6599 8683 3429 208 8407 3721 3320 3209 5230 1652 2061 1695
178 4819 956 8514 626 9102 932 9959 3794 674 9764 8057 6525 5408 3119 9436 2870
179 1674 5923 4301 3061 1354 2389 5929 3776 3796 8275 8150 6000 8752 9130 4055 7426 2346
180 8646 7552 1927 706 1146 3274 4241 9700 5525 8507 7630 3981
181 1282 9318 2950 1558 9721 7548 1120 4198 7222 6136 5367 7153
182 4995 8580 6089 1665 6628 7415 5327 4105 4939 6810 2284 5566 3330 5006 3752
183 2804 1215 1555 4294 2992 6066 997 8725 766 2504 5182 1252 5775
184 2549 8766 6134 5779 2501 5176 7237 2976 5418 8213 701 3540 4805
185 1964 725 1077 8463 3499 7712 5846 8318 6146 1445 8981 7669 8284
186 9171 2584 6224 5601 201 1162 2977 6954 4081 3720 1542 1569 6218 9848 4314
187 5430 4183 1114 2472 6545 2722 9955 5206 3778 6555 2553 3837 8130
188 1032 3340 2240 2395 3182 6748 3074 9900 3144 3905 7201 9611 1147 4697 4234 2121 5507
189 3333 5093 1906 175 6279 6335 760 3524 3049
190 8098 9360 1893 951 3094 8429 9924 5017 6454 9401 7347 9692 477 8958 447
191 4187 490 6096 9017 3264 4038 7381
192 2515 6974 9015 3267 6607 7026 8345 3180 696 6875 1657 2186 9197
193 2934 5462 2074 9696 3111 963 77 6167 3018 1602 5741 3117 4647 6196 3113
194 3077 3454 2006 8866 6320 5805 165 4512 8231 4230 6317 8212 2894 447
195 6144 1170 8410 7245 992 1410 2531 718 3426 618 8659 6955
196 5972 9512 6452 3987 3537 4103 8748 645 887 8747 3988 7434 2892 3371 4362 321
197 2687 9935 2745 3857 4909 7453 9805 1208 832 4028 1348 777 6920 9842
198 2124 1989 1718 7213 5914 3774 6572 4987 340 5030 732 3521 9842
199 161 1078 1978 6997 7737 2494 7013 2815 1646 1920 5842 8885 2538 9260
200 747 4978 1289 341 7290 5346 3529 5862 6609 7801 5275 1178 3870 427 79 2555
201 9933 9288 5909 2983 7475 7492 4341 4185 178 7281 7977 4556 8455 6101 1343 2892
202 4284 2099 1715 659 1708 4409 6608 8038 2402 8551 8069 838
203 4841 5607 4878 5031 2022 7348 7343 1417 3127 1743 770 6049
204 6227 608 1189 7943 9707 4896 3114 7976 1689 7077 7088 5446
205 7567 9694 2007 6425 4744 1767 6812 2732 8035 1344 5849 8644 3885 6986
206 1600 2631 5046 5581 3943 5691 3908 5177 8400 9865 4787 2904
207 3722 6550 3703 535 4710 4851 4880 3805 8187 9529 8949 709 1072 3977 1668 7880 9579 3144 8062
208 7939 9 1082 5008 1537 3658 3985 6902 7790 7762 6537
209 8008 9747 287 1799 888 4887 5451 7474 7754 3351 6730 3002 5565 4591 7720 9244
210 9108 9140 2843 2111 3937 3067 3966 8206 4583 4788 8293 3012 8387
211 7114 6338 7638 3013 3595 7307 8819 6331 2428 4984 3070 4457 8812
212 3202 319 8814 8156 4633 8763 5080 6019 7648 1597 480 7446 4786 2003
213 9019 9230 8338 9886 2783 8549 7981 772 864 1318 8372 6301 5322
214 6332 6854 5554 4806 9256 7823 517 4347 2243 5344
215 5886 3742 6934 4814 4496 3654 1087 6222 1786 4737 5386 9299
216 2291 6478 3879 311 1298 9675 3270 8647 1637 6560 6736
217 1111 5395 433 5353 2231 9388 5415 9048 8434 601 5993 9930 5412
218 9194 8542 5950 9034 5055 7164 8059 493 421 1365 7949
219 5715 6877 4722 5300 6417 9715 2447 154 5402 6278 8618 5451 4314 7762
220 2062 6712 7586 1017 3946 2504 9627 7945 4490 7192 9552 3043 9374 4035
221 3404 3363 3126 2109 8915 2197 2649 8224 3217 2396 8574 9031 4884 691 8189 1731 7413
222 6342 3999 3735 2203 7875 2952 4555 9219 6776 9969 642 1079 1498 9299
223 9388 1391 3548 7411 1483 1197 8849 6307 7908 7023 979 3023
224 1963 2157 2973 7611 1790 1893 1316 2778 2603 3768 7110 3584 1987 2904 3877
225 2830 5825 1349 3923 7028 6757 4079 7298 3344 8133 5989 8105 7864
226 463 8543 4097 2925 6231 7137 1854 6824 2845 1071 8922 1871 1752
227 5152 8303 2590 5345 9959 9757 5027 2685 7941 5135 9726 2454 9989 1979 1904 2555 3830
228 5630 1479 5182 3450 8358 7398 498 6631 7295 4036 8548 37 2651 6141
229 7044 8994 4827 6379 699 6808 1909 7227 7040 5168 989 852 6903 4765
230 7953 9056 5103 9276 8613 1356 4953 9462 5187 4576 603 4277 3630 6021 7997 5064
231 6565 8793 8208 2346 7383 9080 6590 4832 696 2930 219 6351 7984 5105
232 4835 9878 8715 9197 4266 7453 1253 315 8894 6784 9415 6675 8499 8893
233 4225 4147 2495 3789 9248 5958 1038 9255 9637 2343 1323 9407 7638 6170 3240 1248 4311 8711
234 6635 3153 7849 2326 2746 8204 1785 6375 5193 316 5235 4073 4402 9087 5895 7782 5583 1121
235 4659 3871 8595 1165 3140 7577 8405 1733 9065 3397 5473 7034 9349
236 3843 9378 6737 33 2813 5840 2324 748 9328 8215 7649 9600 8663
237 8294 5388 3828 9192 2882 7328 2886 3069 6072 9816 5541 3728
238 2432 2681 8836 8869 1194 1417 4872 2192 294 1501 3597 9443
239 2514 9888 5153 9326 5148 5818 2279 3189 8990 1495 300
240 7676 7169 4111 3308 9941 1634 2419 9074 3673 9014 1185 177
241 4808 8900 1409 9728 1892 2380 3965 9392 7794 5828 7942 1216
242 3172 6402 8953 8000 9646 2749 7917 6646 894 3019 2264 4035
243 2719 8010 213 3508 4987 1879 2313 7149 1614 9688 1328 9852 4765 4527
244 5584 1401 6496 3144 1950 6647 9770 6364 6325 5479 8965 1991 1943 3663 3156 8233 8644 3432
245 8808 6509 7516 282 6825 2415 4604 4560 1742 2928 3391 1601
246 2119 5296 1040 3667 5917 2183 2795 8750 8238 448 3024 207 4901
247 5920 2962 5069 7364 2602 3362 8785 3336 5195 6951 8264 2613 4216 4855 4957 105
248 3770 6318 6786 969 2655 8744 7975 5707 7003 8185 6189 6909 925
249 2274 5549 3135 8858 3837 1682 4683 4005 1421 4754 4784 2974 9015 2019
250 6594 5486 2997 3358 9453 9526 5568 8632 2550 8815 7732 3427 9933 5762 935
251 2067 9980 8340 357 5963 8571 6562 4166 8457 7240 2666 5340
252 7870 8627 3739 4531 6908 5835 1850 8125 9133 5119 4635 6770 8624 1125 6545 7883
253 7495 5663 5112 2494 325 7021 5675 1547 9238 850 3263 3148 4619 3363 3543
254 883 8113 72 6423 6953 8428 7771 3995 392 7888 4651 9618 5883 799 3982
255 1063 4591 3086 7009 6221 9371 7376 8871 6047 7566 7785 199
256 1494 6869 1164 9527 7125 1078 5825 1541 1224 5056 5738 1358 238
257 915 6454 9831 4550 4080 5389 9125 8841 9258 368 2381 4597 683 3163 3894 7762
258 2971 8171 4949 9343 4177 3246 1712 8356 3490 4346
259 7384 8115 2450 4238 540 5805 7535 5436 6087 9252 468
260 7718 9798 8221 6878 8440 6381 482 1437 1636 7256 4442 6347
261 316 9321 8383 6826 6793 7216 3653 6181 1809 7177 9903 4199
262 8228 4849 4008 9451 1372 331 4281 3762 6302 1882 4974 447 7919 647 8005
263 1972 6341 2640 7615 1260 5379 4180 8619 3605 1045 4041 9398 6667 9667 4636 6095
264 732 1176 8075 6946 6836 7469 9423 2639 6057 1032 727 746 8610 593 9852
265 4496 9811 8351 9634 1905 29 3544 1414 3656 3757 2162 8209 8470
266 7105 3762 3030 3606 1676 473 8068 1229 4541 9668 4913 4126 2841 3894 2013
267 8674 4353 5952 1556 6116 9991 2735 918 6544 6248 8928 4237 5201 1658 7088 4377
268 5714 3602 6353 6034 3562 5298 882 6066 2776 6133 4525 6188 8812 7652
269 1004 7448 559 4540 8306 6506 8531 3645 3978 3867 3739 1256 9270
270 582 4133 5143 9649 9762 3413 2949 547 8452 980 1209 5457
271 5428 6586 4057 1771 318 2935 631 614 2563 2810 6482
272 7641 3484 750 4251 5146 920 4987 735 7072 3081 200 8470 4679 2340
273 8085 9502 2630 8054 7208 6468 336 9508 5929 3079 5038 7265 5867 8102 3936
274 9466 1097 3130 5864 1423 6275 3526 8980 2412 1867 8060 3724 4561 7699 3004
275 9386 6832 715 7916 1807 4929 4302 5964 4513 310 5747 8554 7442 122 9268 76 4679
276 2638 8739 2441 9281 5195 735 9593 7229 3056 1364 805 7023 8690 2288 2790 4311 7153
277 7480 8923 8965 155 8225 5477 8579 2202 320 9226 9524 296 3050 5248 5097 7699 2013 4765 4352
278 1506 307 9355 6401 9926 9211 5832 3174 5932 701 2436 3134 4378
279 4224 3311 2327 8861 4306 52 1201 1309 2503 3539 5335 8649 9903
280 7063 3758 5127 2506 5493 8975 6597 5403 2829 2409 6675 8994
281 4965 9199 5726 8768 2951 9899 1621 5251 3409 7853 5810 8040 9999 1485 7055 2184 3012 8812 2555
282 4892 8664 3653 1613 6264 5815 9303 9311 9953 3008 1177 4500 4811 2307 5907 9677
283 8714 4094 572 1777 1640 5086 4712 1135 4685 8396 7454
284 5754 3677 8425 6886 8088 7914 7393 3401 3291 9216 3736
285 1716 8484 9671 4366 2120 4565 9471 3637 8175 3028 6148 6537 4350
286 5000 4538 9887 1533 2372 1407 2190 2145 9964 8811 7570 3914
287 9484 7527 1279 5450 146 7435 7155 8404 7504 5860 9848 6280
288 6269 9734 4944 6882 8520 5178 9262 1297 724 7290 831 1746 9532 4027 4340 7709 7575 2240 5219
289 5179 759 3934 1275 7836 6081 6111 1578 2769
290 6172 9315 8444 2887 7806 8697 8854 4254 2427 4274 2275 6642 3106 9404 4340
291 5765 863 7784 1443 429 4867 1115 9387 5247
292 7817 4033 3600 8389 3038 2186 1952 1113 7811 3414 6891 6502 9160 321
293 970 354 9732 9691 2998 8682 7796 224 3785 3969 8176 5826 6611 2439
294 4326 6579 5085 761 2354 6103 2702 6681 9409 4483 6845 4456 4095 3885 79
295 3693 827 9929 634 3846 2148 9238 3243 5829 8105 5445 3379
296 7425 4568 4099 9204 1598 2919 2225 2365 6690 71 2475 9301 7699
297 1302 147 5144 7118 764 9861 5342 598 6716 3016 2422
298 9835 6389 8051 6478 3227 8722 4304 2834 9602 874 2369 3303 49 3958 1496
299 293 946 8041 3682 9554 7261 8520 2688 953 9733 7879 1299
300 2296 5580 8288 243 8186 5750 864 8430 102 5788
301 4558 738 7404 9146 7258 3565 3840 6039 4461 5571 7029 2634 687 7296 3395
302 2545 3442 297 6022 4417 7967 6492 7635 1734 5347 4778 8442 5437 8140 3781 6296 7012
303 8984 5789 6345 4118 500 3963 3318 814 5993
304 1291 4915 1708 2430 5547 8794 5676 8568 1007 5520 8626 5515 6260 2533 6428 4787 7429
305 7846 1270 1956 1901 3096 712 4698 9517 7968 3771 4792 3058 341 1615 3023
306 7545 6851 3614 2614 4158 6558 1571 4484 2492 6656 9605
307 9568 7424 649 7042 4434 8021 6315 1386 366 2175 5445 238 7762
308 4508 9650 5382 4966 6686 5757 1020 7556 5786 7251 176 6980 6827
309 644 3615 2211 5977 3892 5158 868 9291 5001 925 4567 1647 6327
310 625 4292 6211 1581 8241 7702 403 7773 9492 179 9032 2662 9615
311 2824 9001 4763 7215 2071 2614 7648 86 9167 9431 9261 6584
312 8705 64 3123 6741 6380 9163 582 5169 401 8040 5341
313 9867 0 3104 5589 7131 5331 2256 6615 1938 1840 9920 1948 97 5569 1454 4020
314 5045 6437 5094 3009 1033 9154 146 684 4460 8332
315 3390 5606 3418 1171 2622 4981 9516 5520 7135 9619 1238
316 4594 8295 7289 9993 9604 8067 1577 544 6018 8837 8118 347 1311 9047 9834 3106 7736
317 3723 9184 1639 9457 7058 7999 2959 6676 4393 6705 4354 8614 6369 8387
318 2400 8786 6948 3003 6834 6147 4231 590 8792 355 5917 8284
319 3746 8672 2582 4840 5363 3285 3991 5738 5083 4638 5930 2760 6161 4855 9013 9075
320 3983 2757 1456 9168 9808 5651 9889 7827 5743 206 1075 8512 8498
321 8588 6540 4421 7426 3229 6183 2628 8701 3628 166 4238 1042 2240 2288
322 1431 8625 5394 3064 574 4332 1914 8966 1888 4175 4296 2923 3905
323 6439 7792 8597 2234 9711 6706 8987 5209 3054 4721 6547 41 7219 221 3371
324 3537 8581 5078 301 961 7734 3422 1299 4242 2948 739 6515 111 1934 1105
325 2479 2548 2236 5764 5161 8674 7340 6709 9830 6625 2114
326 2308 5509 5151 1350 2115 6936 7309 3702 5210 7372 2558 6696 4539 5437
327 6492 8586 7543 8276 2850 9954 4532 5424 9348 2696 1205 5446 6001 9354
328 3171 8629 9064 6017 7234 1841 6694 9242 1717 9241 8142 1256
329 7797 8904 8954 3980 5287 1348 5185 5537 1678 66 350 1222 6101
330 1692 4087 6799 4391 5792 4825 7194 1691 2639 5696 3103 7709
331 1602 7682 1796 9811 7174 9958 664 9308 1427 6458
332 4242 6158 7843 3586 657 1399 661 4287 9178 9990 6186 9032
333 8935 3594 7090 8779 8735 84 6008 3609 7459 2406 7956 2752 4510 2143 4463 8495 6141 2128
334 2469 4186 9475 2715 2161 4857 9126 7776 3886 5216 5053
335 7409 8732 4270 6105 6507 6778 7747 5789 7526 7351 3536 6871 9948 7606 2986
336 2658 7741 8469 838 2187 8280 2201 9809 83 6587 6201 1625 7060 6054 2 7153
337 8823 3929 6205 7726 3851 6856 8940 9027 3883 3494 9623
338 7965 4478 5447 1202 7693 5873 65 1629 9362 7972 190 9565 1479 7429
339 4291 6258 6626 7859 6717 8348 5110 9255 91 2038 7461 1002 7481
340 2272 5534 1075 6265 3039 9944 1053 6036 5272 164 1763
341 588 2567 9073 8635 2061 6108 8166 6952 7293 6482 9659 7736
342 4010 1438 8851 5242 9085 8898 5582 2296 822 6928 4972 5258 7037 820 5286 6778
343 2008 9657 6480 6273 5808 3848 3611 7525 2788 3870 8363 9014 7253 3012 7949 3377 3032
344 7885 9312 6713 3573 3277 4901 9167 6641 8036 5639 672 476 6621 9598 7746 239 5898 5248 1496 8644
345 7070 7518 4130 1419 1917 2081 1516 7008 6402 8711
346 741 6063 5158 8260 1000 7543 8264 6524 1303 5871 8609 1601
347 3249 9079 7522 9510 240 7675 8143 2290 6042 1115 8188 6049 2433 2155 707 9573 9545
348 9859 8880 3907 1752 2466 4562 4665 877 5049 1448 6878 3377 6938
349 4461 4086 8081 4674 6095 6413 4522 669 2867 1706 1634 6559 6053 1175 8029 1117
350 8461 1379 632 5686 5809 4448 4054 9833 3469 3835 9391 1149
351 8136 9776 1394 1740 3681 9414 513 8781 4464 141 1052 5693 218 4795 1824 802 2670 6285
352 3501 1108 335 578 6861 5665 587 2169 9968 8209
353 2987 6762 8882 1694 828 6758 8319 1128 3396 3697 744 6738 5852 399 4664 1580
354 5660 2000 1620 1693 8331 4181 9577 5163 5310 2927 9956 5186 1246 5962 3944 425 7200
355 4059 60 7961 1435 4315 5255 4167 8996 6913 8528 9160
356 4151 917 9597 5666 907 3784 9477 8367 8743 4124 2206 3373 7713
357 7086 1226 3586 6434 1408 2229 4553 4632 2325 2825 9939 7149 9633 2847 9669
358 6964 3961 5036 96 3824 5466 3542 1821 8840 4391 9825 5609 6374 9903
359 8964 8308 7413 1577 8850 416 6695 1723 8390 9228 631 2739 5662 6054 7883
360 2089 2130 4585 1960 6595 2076 6030 6316 6176 8307 2615
361 9791 5503 9768 847 8872 9583 4984 1765 9365 4444 2083 4924 9834 9758 7553 7120
362 1151 6103 9206 265 106 6616 9681 4856 2624 6140 6811 6860 5097 3103
363 1540 8258 7162 8227 1313 5535 6300 3283 1519 5384 2540 257 1524
364 9317 8972 89 1236 6133 4998 524 3486 7772 621 7195 7602 3238 761
365 1902 4439 348 1294 4394 9437 3387 4203 3379
366 8609 1657 8675 1021 4577 7350 7302 3997 9736 9899 7185 8153 4324 2699 6134
367 8781 5611 2939 7775 9405 5706 1698 4445 3461 1219 1534 7476 7949
368 8703 1255 2424 703 5083 9626 9574 3931 8182 4382 745 2962
369 3784 2155 6740 3825 8301 6002 6703 2338 5029 1877 9263 9190 443
370 5419 510 2780 6606 7414 3748 8196 1650 1548 6082 450 6014 6692
371 3536 6823 9106 1789 7962 1317 1299 7226 8028 6449 977 9209 2805 2857 5848
372 8109 7591 7318 2005 7304 4257 4597 7763 7114 3132 3548 2657
373 8443 3604 196 1710 1851 7974 8138 4237 7087 3037 8368 4624 9023
374 694 1682 860 8467 4595 7294 4013 3340 4781 9524 7752 5735 3728 3783
375 8032 7231 7308 3793 6872 7625 539 220 5003 9435
376 9087 4401 7513 5054 3851 9871 2851 9407 9389 8419 5229 2963 5437 8135 205 3144 7413
377 8501 1838 6166 650 6794 8734 1586 381 4620 1351 3163 3386 9580 9609 6817
378 2044 1451 6546 7214 8521 2191 1405 3193 7938 4588 454 2340 5507
379 5626 8410 2900 7738 6718 6715 8630 3962 3860 2429 8605 5702 3869 9129
380 233 3747 4582 8689 7082 1412 9744 4983 3078 5912 5965 5386 3836 4377
381 227 3404 4382 7174 3438 1046 2460 7163 3877 2152 9843 3053 5329 2158 321 7864
382 9215 6925 6905 5100 7899 1212 5697 4298 9430 7530 6672 5495 8927 2837 4765
383 4128 4662 5672 4308 6132 3035 7143 2476 9409 2233 8767 2182 116 5458 183 5064 4377
384 8014 9706 734 8297 3125 8416 6437 8587 9370 4871 5310 6149 5220 2580 2650 2001 3961
385 8106 2070 9693 8899 1150 1134 1309 7377 9882 4201 1639 575 9348 5885 8269 511 1750
386 2823 8073 8743 5919 7389 5574 7232 8934 5717 2900 1287 935 3006 3074 7438
387 5429 1581 16 5960 9068 1648 5401 9705 4462 1761 6546 2673 2542 3726 5005 3146
388 457 20 3764 8253 7784 2030 895 6828 1020 2979 5356 2297 6214 4222 2121
389 9368 7345 5285 6830 4998 5629 6598 464 3808 8092
390 7111 6467 2945 4808 5141 9703 5905 4131 4086 2178 6390 6092 5972 2661 8931 6785 8711 6054
391 5690 686 3476 5560 6720 3074 8546 9137 7251 5853 538 6575 3281 8712 2168 8528
392 4696 7218 8384 8275 2392 605 4599 3037 9295 7043 1391 412
393 3785 5710 5244 4994 6092 1006 1673 8960 996 1495 979
394 8298 2586 488 1763 9804 8117 7730 8388 9537 479 9695 1471 4423
395 550 4387 8357 4801 7112 2485 1861 5400 8743 5189 4135 8447 8822 2349 1383 1454 321
396 783 7248 6646 288 2562 945 1106 1732 3829 5983
397 5032 5838 2734 7935 974 6746 8518 9417 8967
398 4572 3283 2645 5256 9864 2837 2221 8241 3210 6187 8487 7889 6538 5869 7055 5219
399 9059 728 5680 117 8029 1436 2521 2628 3307 8890 7585 697 5880
400 6594 2037 6568 4307 9057 8359 448 9845 1722 8774 5605
401 8281 5008 4271 7025 2680 4551 706 1403 2982 6464
402 3193 4470 4422 9760 8673 6205 1307 1130 7386 9487 3253 9412 8961 9191
403 7690 9450 4356 7965 9304 8585 4999 5077 9981 6530 9906
404 1176 458 8562 2138 7371 7317 3867 1243 7523 4786
405 8295 5011 446 6288 5073 5787 7485 8678 8324 6670 7788
406 7465 8471 3216 3600 5234 6934 6348 8375 7837 4814 3147 4400 7105 9265 6153 7997
407 3059 2263 8889 3242 5603 4612 940 6229 5906 8243 6398 5839 541 1043 9968 2986 9075
408 1558 7288 4769 9960 7459 9067 6456 3388 5738 2595 5609 8130 7296 7240
409 613 1274 2234 8511 3279 7274 2314 6164 9289 4928 6021
410 2491 6774 7330 1296 9245 429 1735 4704 7993 6401 8349 5762
411 5816 4716 3563 2077 884 7779 277 4997 6633 1107 5472 9467 4091 2732 7053
412 2596 8424 7902 930 662 6952 2737 6144 3735 1758 3149 1093 1912 3434 3706 7133 650
413 6471 4557 3523 1664 2329 2140 3538 8522 1109 4870 1223 1430 1083 9968 4340 321
414 624 1992 3299 2462 6745 9147 7383 5907 8267 3868 465 4664
415 312 5466 133 1458 3462 2915 6974 3775 6684 7036 3363 139
416 191 1280 5705 5561 7852 4475 3256 2913 36 8958 1971 6635
417 3416 7903 5202 7117 8361 8904 5628 5232 1737 9283 1623 6548 139 4996 7542 8387
418 936 3463 7235 3655 2458 3286 7655 3001 6846 9799 8069 6369
419 4088 3158 4825 5016 1055 3615 7660 9131 4985 2943 6547
420 442 2189 3791 5414 6191 4917 3960 8158 9283 8895 369 5219
421 5155 4014 2212 1632 1238 1242 6221 8742 6511 7470 4829 3251 6102 1890 4528 5996 3753 5677 9139
422 8952 5884 8718 9076 9488 8459 8064 8392 989 3361 5946 1542 6584
423 3097 6665 8957 44 6516 9397 8272 3873 9905 9274 1822 9215 5869
424 6055 2530 6841 7818 4667 436 3381 6529 5217 75 3032
425 4252 84 9247 6196 4280 9028 1093 7329 870 7130 6476 3154 705 8905 2117 1587 1721 3792 5848
426 6611 3415 2745 7736 5956 9823 7078 3715 70 675 3896 10 8741 88 4569 6175 2176 652 7219 1105
427 2013 1336 6722 6444 8033 5431 583 3113 1937 1630 4437 5024 600 6554 468 3750 2555 4664
428 9366 7901 7980 4289 639 6353 5015 4911 9928 6191 4108 6509 1934 7438
429 9588 8399 6461 984 5991 844 2180 7185 6920 8245 1310 9029 1784 4035
430 3525 9725 2386 5587 7020 2006 1183 982 8989 4873 4660
431 8779 4517 1788 4064 8536 893 4122 8457 1444 3468 9007
432 2161 6793 5794 302 2059 7603 7427 6918 3888 7929 1985 5643
433 5407 5552 5208 7467 9239 3853 2499 1048 7058 587 2100 4775 4160 1231 3982 8212 3885 6404 2962
434 4195 9159 529 2078 2552 6863 379 6037 9280 4933 6859 3493 2870
435 7685 8011 9648 5099 4791 3592 204 5882 7694
436 5933 1090 1825 8426 6425 5337 4590 7346 5924 6692
437 7807 1398 8278 2055 193 6447 6704 7662 8193 396 2292 9380 4133 9600 780
438 7770 8216 9161 2028 5550 1361 854 9816 1386 6143 7681 8830 3074
439 247 7206 262 9622 7353 2673 9526 7173 2998 6189 5290 94 6588 7664 7653 8293 8491
440 6723 5730 8145 516 8803 5661 5614 2985 8983 2483 6895 9531 4624 788 8248 3584 3513
441 4089 2805 9137 6609 9445 7544 144 4466 7946 1800 5536 4923
442 3959 1044 5085 2922 6589 9381 998 3913 4648 6267 7367 8863
443 4913 9079 3783 7540 5350 7859 5022 4777 6881 6209 3389 9712 9533 79 8235 6692
444 6253 5429 1889 1285 1695 6549 9313 7117 5887 2706 4924 6470 6691 5483 5285 1139 2611 9414
445 6179 6195 1902 5897 2798 7751 9604 7525 2536 947 9585 5895 7507 58 7845
446 9067 1441 3280 7536 4821 4034 2879 4243 8015 55 4140 1248 3284 1387 3316 9931 2342 7725
447 3821 2770 8650 5567 9716 7947 6064 7770 7921 2464 7970 1164 7413
448 1672 4489 8535 3488 7705 5952 3825 3692 948 1121 6030
449 3947 6502 3813 6069 3622 4116 9134 4942 6465 7022 5124 4129
450 810 6507 1181 2744 2120 8183 6176 7591 5704 6265 756 6911 4988 9787 2856 8830 4664
451 9148 9229 8061 4891 4328 2872 3707 1028 2463 2403 4191 1950
452 2707 250 9093 3015 6115 4907 4736 5146 8845 1517 2199 7279 3496 6327 3376
453 2730 1342 9440 4310 3392 9372 3506 395 4693 1565 3014 5856 6889 2058 6082
454 4037 6697 3423 7724 6121 5226 7546 5728 991
455 2107 8084 2572 107 8977 6405 6721 3708 5986 2873 5618 254 7933
456 7489 5359 142 5401 9800 4596 4899 6663 9292 1798 5200 2026 9701 8475 8462 6458 8644
457 9986 8391 8720 267 2868 8178 6502 8042 6572 3247 6011
458 3324 7567 9930 9094 7221 2754 5230 1935 8749 516 7208 268 8814 9898 2486 7652
459 1259 4029 5662 7643 5043 6563 4182 915 4172 2245 8307 7609 6616 9294 8387 1175 5784
460 7775 8600 7883 3195 338 8728 7276 9569 8337 2249 4766 6958 6991 1903 7679 6990 5660
461 6357 4148 845 1230 9617 3691 3295 6443 6161
462 9651 8444 1127 964 5959 5559 3968 442
463 3727 5880 2371 5492 9655 4485 9482 2539 2871 4189 4501 6379 2694 1380 6178
464 2500 8806 9690 4039 4910 8944 9352 2519 1705 7715 8776 1984 9086 1534
465 4649 6517 2147 3973 9429 8526 2133 1670 8236 6286 6445 6698 5866 7254 9545
466 9967 8516 5796 9797 3744 9342 4822 2101 8116 5261 995 3371
467 3716 9988 1191 9458 8279 2351 7406 2015 5302 2085 2071 753 8293
468 5659 1618 7249 9828 4279 8773 656 8642 5727 8671 1524
469 4137 9170 3940 858 1331 5125 9851 5332 6137 8406
470 9440 3121 9683 5442 6763 8413 7363 1574 6056 4077 7698 6937 7443 4107 552 3836 2327 6054
471 4370 7239 8707 8604 1163 6385 4688 1637 9420 4752 1424 828 3285 7296
472 3928 7430 652 8287 6780 3310 530 29 286 6637 444 1134 8893
473 3211 9862 27 3122 2483 5084 7073 8018 6048 7697 640 1091 5445 5412
474 9566 6208 5277 5499 9641 6961 2462 773 5734 6078 3230 3275
475 6076 2225 6213 5504 2703 638 3041 5624 1536 7391 345 6652 9545 3936 3521
476 616 4214 1930 568 9308 6654 5392 6912 5398 1745 9003 1329
477 1757 1220 4837 9266 5540 4071 5365 2188 6062 4123 3657 6488 7490 1981 9483 9013 3830 2
478 5679 7713 5677 8992 9463 2196 2896 6329 7893 5526 2623 2759 1521 3521 8498 5307 1058
479 6880 205 7991 3812 3048 6378 901 387 7924 7802 3128 5720 7533 950 4227 3964 2842
480 7362 5433 1179 6541 9521 9305 9815 9624 7584 810 5637 5529 8005 552 4035 3012
481 4319 6395 4757 4511 7046 5782 451 3083 4545 8344 6680 352
482 2215 4646 9675 5266 8261 6309 5117 9189 134 6491 7694 4311
483 4739 1047 6691 9587 1218 3504 2953 9595 8072 5012 9465 8832
484 798 7503 5322 8092 138 5485 2286 9522 4045 679 7338 6457 2572 7629 1956 7001
485 9274 8831 7075 1628 8698 360 3031 2508 29 9329 1562 5490 9666 2150 3758
486 8390 5966 7815 8152 3068 8704 6387 9036 699 4797 938 5481 4259 9178
487 4136 2224 9395 7627 912 1719 7197 6783 833 5375 6743 752 3377 7806 7759
488 5997 3097 4755 136 137 6065 9664 1428 4211 9243 8491 4282 8352 5562 2544 6651 9347 5880
489 1847 1942 7904 5555 7329 2228 7500 3887 2068 6762 4093 8818 9640 876 8104 8134
490 5525 6428 7617 6429 5610 5013 3648 3332 8328 6167 2209
491 3787 259 6640 3051 2956 5023 4490 648 6116 1450 5384 6924 3351 6028 2569 719 3543
492 2796 1945 2860 9654 5958 8211 1604 5257 7569 419 9392 1878 8918 4326 3958 9139 7902
493 9233 5656 9931 8517 6422 9638 3240 3634 1467 8780 6295 5025 4318 3207 4962 9533
494 7152 4671 174 214 7688 4341 4703 339 4691 6368 8287 9608 6025 6257 4170 9224
495 2996 6858 5081 2337 5925 7742 8108 4920 2085 7257
496 7134 2981 4523 7484 4763 5649 3672 6992 1881 7755 7954 9114 6296
497 4431 573 972 9711 3541 5396 8523 6752 1677 3714 6666 731 8942 6521 6538 4948
498 2730 1606 3895 3392 670 6501 211 9934 1851 9863 1325 2426 2335 9443 5412 2288
499 7116 6132 3900 322 1916 719 9755 2300 6535 9897 7250 2175 935 8711
