100
0 949 2498 6045 2334 24 452 7266 425 2594 322 177 2482 250 110 1462 3977 17 1009 82 3022 26 242 1725 610 98 451 287 293 13 146 3457
1 278 1 25 0 9903 464 58 1403 22 430 178 37 5519 2 323 5361 4 46 364 41 831 5515 1572 5 700 7269 123 3198 14 13 6890 65 240 406 1581 7 9 152 1495 1290
2 13 23 12 16 137 1966 9547 7995 27 41 1 111 2610 10 65 722 2878 34 29 110 102 54 47 1311 9 236 345 92 26 21 835 97 180 9134 252 1495 155 1572 3774
3 168 59 273 2942 222 447 217 635 1407 165 257 2696 1071 78 1073 1329 320 6037 8466 1844 110 186 2078 5675 5144 6745 2378 65 1958
4 2098 3056 503 7687 941 1582 8401 9493 91 144 173 147 131 200 2052 45 118 1465 59 742 3293 2791 24 6205 7287 8518 100 890 2720 170 7895 243 1679 3767 1482
5 0 439 48 452 262 5 11 3016 284 202 7574 1846 28 4790 582 37 1740 526 3 105 97 41 27 20 68 210 125 328 2478 5863 45 199 468
6 169 6044 20 498 1806 406 49 225 490 864 58 284 2575 1141 1922 29 331 162 7347 197 1102 33 151 723 31 77 34 65 908 3379 2697 2196 595 120 176
7 38 74 4848 303 1 6031 119 848 807 170 5 118 168 584 30 230 458 5429 4752 31 933 1315 41 1590 5222 7 380 6 66 133 60 59 843 354 485 948 977 9517
8 212 295 1137 8620 21 64 88 103 333 53 16 127 1562 118 574 513 2758 4152 950 5865 9262 293 6504 6649 2014 4151 1516 3357 658 487
9 4253 16 5 9 0 33 293 10 13 5226 6643 48 1313 3 316 425 123 7192 1756 174 1 26 962 2406 5442 54 3972 676 99 21 27 1790 725 6729 2955
10 1363 203 4 33 26 1390 836 24 12 17 4430 6 346 533 2950 11 2628 9053 529 559 9086 4526 5638 1 142 1041 4372 628 13 338 419 2848 5926 554
11 2 24 18 7884 236 50 492 72 3000 653 349 7155 3224 111 203 11 245 125 90 8601 6408 93 1621 35 3843 225 8168 2187 201 1429 1807 64 1728 22 316 131 120 356 1671
12 61 845 288 117 29 1 0 3 6042 11 1378 45 6571 519 78 28 2177 300 154 1250 383 2 9 2757 7399 57 116 2961 90 2128 5762 796 3955 16 188 1476 632 554 1077
13 113 1126 44 2494 5532 425 577 2737 33 83 2664 276 241 4477 2579 400 45 3262 588 514 392 40 101 1637 15 82 1610 3700 3880 1951
14 17 1190 71 143 46 15 35 231 9 34 65 1216 137 233 168 115 355 1861 6979 1324 5038 36 710 45 452 742 936 329 3759 1126 4973 760 396 91 6571 29 4895 8 2955
15 22 52 3 0 2065 5 54 7 138 1161 103 405 3476 233 3679 8 284 2114 19 2 87 14 1489 39 4 1 206 9021 186 45 43 286 71 2521 280 57 4977 554 7585
16 246 196 4362 2048 2983 1021 332 9471 2967 1754 1959 130 6662 1748 1985 76 7367 63 6097 6696 12 706 2096 715 24 314 1963 1097 816 8938 27 1610
17 2 8 454 7 94 14 186 5893 759 20 4278 1710 346 435 42 3900 19 249 68 59 187 665 1435 3488 580 3274 67 7818 96 6783 3532 299 3923 468 6049
18 0 18 1687 286 2 3626 95 4 157 17 4781 178 56 33 1052 118 169 546 465 8703 939 21 7 7593 242 3813 26 35 14 204 362 750 355
19 5 2911 75 131 28 4063 2453 188 1132 2193 571 114 9768 168 2233 73 243 2341 7463 419 253 153 15 338 231 3797 170 980 358 32 468 509 3119 8 42 3563 1737 708
20 26 62 148 19 1 247 5154 39 210 1039 1290 15 214 11 137 250 280 23 7606 516 2979 107 935 3 655 88 8 218 712 82 676 561 86 18 669 35 9519 4 118 206 69 2153
21 6 109 412 2546 18 8 9 0 168 10 4 342 2025 77 9677 12 1 2 85 74 5 409 1304 2160 1293 474 130 1128 1213 13 249 6379 625 2848 176 1482 7242 2264
22 73 96 0 2 49 23 859 4 1024 6599 40 69 442 37 3 6035 1563 7 11 24 462 389 244 205 47 14 173 1 89 157 22 822 6731 19 2045 138 1310 1290 7624
23 4 50 1156 26 39 33 1042 1948 35 233 16 1264 1959 1438 1566 19 3324 216 2295 2479 902 1677 5834 127 1152 82 107 46 5661
24 4 1 31 330 186 9 62 6697 3301 65 91 20 167 3699 21 1217 323 0 3 5 181 602 6 769 75 641 1011 4908 8488 7 29 7387 725 74 6238 2060
25 463 807 226 36 1490 21 90 14 57 9 48 51 8 22 1859 757 270 3 127 227 2191 952 106 3079 2199 602 7 71 6943 3730 44 27 65 2685 69 1200 5482
26 28 1436 9798 2844 222 406 63 1027 6249 328 587 5027 289 469 13 27 258 1127 3730 1816 2333 597 278 189 4807 4335 561 4051 92 38 6137 36 493 76 1951 948
27 0 431 12 3 6 5 414 4584 121 45 1 33 2805 343 17 10 160 35 59 9 626 52 5812 411 2148 23 246 107 984 3140 2960 24 3266 2780
28 1150 55 51 105 301 830 588 1865 383 402 121 315 1694 37 309 83 81 67 645 161 1663 217 349 7431 209 97 408 1017 103 31 914 900 126 9517 1263
29 437 17 182 1078 112 34 723 1461 36 424 10 780 127 190 73 475 196 294 984 44 358 3 793 1587 517 666 860 4596 887 255 442 329 2153
30 435 517 64 1210 1401 58 40 418 1332 659 184 992 275 9295 36 165 2522 148 1979 6450 1026 7854 109 145 15 719 650 149 32 2156 5792 8875 1213 139 332 968
31 5 3618 1506 47 50 1530 354 7070 1320 0 238 29 7 24 4 6 3 12 172 2426 39 5021 5359 918 9 132 27 4683 53 9162 126 138
32 281 31 1414 4 0 6 175 2882 113 3 7170 180 81 861 6382 12 1368 15 18 3458 34 272 505 2715 9 1 179 11 709 148 176 138 554 5921
33 582 66 39 14 151 1257 2624 446 118 990 4129 7437 289 523 2219 2862 75 20 31 82 203 17 18 57 34 315 16 58 158 6 602 809 2250 102 501 2848 3097
34 0 55 89 4104 5850 1 1378 264 550 3 24 1866 2986 101 4685 148 99 78 70 9 65 519 134 8076 4474 3768 1902 6604 437 2619 4133 170 90 909 1089 1263 1737
35 476 25 2239 483 1074 1909 5221 6012 344 4164 137 471 44 529 52 836 316 186 89 763 96 49 128 310 17 212 27 969 114 953 519 4613 60 899 138 69
36 17 105 1005 9562 1481 20 379 336 158 1168 3317 41 556 1340 1919 96 1990 989 157 5001 6980 805 3535 659 12 979 3374 84 7748 9277 120 5 48 5526 2591
37 3140 10 322 19 1372 412 6755 395 62 2 6 18 51 514 866 817 594 54 106 1233 363 69 4659 57 6130 587 7 167 331 4 3548 371 3 1446
38 73 75 231 82 498 3676 255 903 54 3144 293 63 1325 5419 549 229 642 77 799 958 339 22 1628 971 9320 95 179 142 698 1841 55 30 212 5512 161 5165 6656
39 1854 10 1 1251 322 94 3 68 2 701 209 186 189 34 1743 172 56 99 2503 1927 86 0 2383 13 6 49 219 166 9 896 138 1671
40 32 566 160 231 1514 22 5731 510 159 1571 6015 1017 3790 1787 3400 4408 4642 95 4314 254 3488 2228 182 4225 1697 527 64 491 928 9561 9 147 1184 1958 155 1310
41 5038 12 2 20 71 64 52 1516 5737 4 156 1148 35 50 11 722 6538 2344 14 7 1456 2735 53 41 17 66 1058 51 116 2079 554 162 8 372 2076 900
42 0 3 131 42 73 1 1108 432 27 36 19 94 2 8 46 5412 2400 8931 164 25 9338 800 422 4 26 478 44 6 1460 15 1552 205 3617 4537 815
43 2424 248 309 51 840 60 191 1912 13 813 842 313 322 6094 390 257 3708 2405 3828 7243 181 84 332 2859 246 2094 327 123 180 2355 103 5554 1077
44 71 4947 2568 1073 649 1545 891 5681 30 5524 38 1561 13 1518 2291 269 20 150 2625 7979 466 369 309 515 46 56 93 387 224 176 4023 236
45 1 225 229 4211 42 17 278 31 47 384 6 7 5 2 27 193 5999 239 509 12 462 44 107 183 131 8843 1601 59 4025 6661 57 6514 1954 2818 708
46 9 83 0 15 1502 118 9902 4704 1340 412 70 8 2 4 142 1 3 1704 7 788 1805 50 8160 733 24 5 66 58 1382 22 113 53 3249 884 155
47 12 67 129 140 1119 101 266 194 115 245 775 8150 5990 3 2266 1235 130 193 5 2 7685 17 1072 109 1001 981 138 55 344 28 1134 88 250 168 583 2264 1495 3106 867
48 33 3684 9 5728 4 2863 366 55 25 218 28 3 27 3692 124 96 4821 79 7 5479 109 1371 296 11 8 103 382 35 248 224 6934 2825 8616 1260 2920 3289 197 686 900
49 8973 272 3 419 2 297 23 1959 88 19 0 118 123 646 42 29 6137 14 108 64 9957 35 7718 235 4 3236 24 11 1752 7970 259 486 4964 566 3097
50 1141 1084 301 343 3246 560 473 817 2469 49 313 2433 137 46 12 34 464 1710 14 19 9556 5597 17 4139 202 228 1237 335 41 2430 8839 8 146 155 968
51 0 1 9234 28 33 4 2 8783 9 213 6 23 4705 597 788 4606 288 78 966 14 13 22 2410 63 200 7 508 21 45 1728 17 159 24 725 334 1989 2420 27 2818 9365
52 61 7278 207 133 1588 2312 603 26 676 2088 724 2293 1886 339 105 381 1379 14 2702 4226 212 467 311 397 6171 145 689 275 371 65
53 2 6 11 510 26 21 230 7433 114 23 19 2282 22 3038 4 334 20 100 1434 62 45 171 121 216 369 4478 2135 70 225 978 724 2052 184 7981 8512 266 295 2739 138 968
54 119 6440 1 88 826 521 597 678 26 6907 108 263 95 761 124 431 2 24 131 736 6572 117 8989 1121 166 1327 13 17 1426 1729 4500
55 5 2 6 460 25 0 14 132 1137 1373 117 3 163 53 1184 1107 11 115 16 108 19 1 3425 8345 8 10 543 12 18 15 377 57 789 27 3244 3110 1495 6887
56 32 0 16 391 11 108 2 19 112 2431 18 2282 1913 2051 179 8114 50 44 799 6348 3796 8702 1697 35 5566 1591 22 716 719 359 9414 876 609 2193 684 1691 4390 5276 8 583 3756 2264
57 7 11 0 1 6169 456 53 82 2883 21 25 111 2458 778 4152 268 1107 4859 38 5724 619 2683 1696 1595 1706 136 69 83 9566 63 360 26 158 708 404 3975
58 128 235 1614 2184 77 9073 9175 2746 1363 48 124 1741 144 730 55 3973 280 18 88 7 6188 178 3 221 3131 3338 22 1540 111 8 859 138 126
59 189 2980 37 762 1412 605 58 585 933 34 4184 41 1066 579 83 2692 80 12 305 477 48 139 226 204 124 27 8146 419 5173 5459 494 103 535 6676 55 117
60 2380 8743 1723 5442 28 753 5269 1361 257 280 401 4837 75 217 25 1449 59 1775 1513 685 1756 2024 14 1988 4 713 103 7226 475 3484 3559 1807 8 4594 3398 199 4247
61 2062 287 49 348 5797 378 43 72 4241 508 3784 325 8871 1236 275 2929 1243 208 1968 822 3017 39 84 75 5801 5 1300 10 671 1222 8 404
62 356 10 332 5014 164 11 662 112 14 117 64 495 72 107 2 77 1841 56 1 16 32 2091 1610 3 770 214 31 1051 17 25 0 135 256 2951 87 919 4089 27 1826 583 2076 7624 138 1310
63 45 2363 2 147 24 148 22 2178 12 33 3 280 1283 5410 115 188 1206 59 42 1183 7820 5127 2690 57 14 5190 5 16 34 19 56 2921 7 135 1495 138
64 0 2 352 56 282 987 32 299 2145 29 79 310 565 229 3940 86 373 81 356 52 5055 89 49 1167 8180 265 58 276 576 1283 57 47 3520 6767 1482 1737
65 6 123 1245 329 63 428 323 183 6243 891 76 2235 156 982 436 4182 88 229 262 2706 277 124 3689 1953 519 450 1903 5819 318 605 55 511 409 1506 9559
66 5973 2 51 4872 0 14 5915 1282 133 5 4180 7325 4673 300 12 3 103 97 4019 70 662 236 42 774 252 669 158 36 795 53 85 337 11 211 176 280 3477 138
67 63 119 25 32 8 46 39 3711 19 2 240 2132 29 2769 6259 472 18 1863 14 95 47 38 309 1 779 601 1345 10 60 1225 68 1843 9886 1290 5921
68 9 8733 68 244 433 11 81 4138 5350 21 207 33 161 1130 10 279 13 253 16 1593 651 15 2657 671 226 75 197 69 134 18 499 156 2517 76 28 3158 1888 554
69 936 3499 3059 699 216 2662 738 1197 257 3710 231 59 689 2551 142 153 209 47 1017 145 1522 36 68 43 128 224 243 977 1334
70 76 9896 3600 204 1224 180 609 3624 54 1059 11 32 90 38 1365 89 13 3609 7763 1351 106 4820 7591 91 73 44 1837 7208 9 216 56 752 1004 4858 2087 37 95 69 176 121
71 3 2684 651 663 67 13 8088 41 1389 350 5020 112 84 4370 2665 391 37 3003 1099 143 29 2212 164 55 5275 443 180 448 9357 48 153 6438 6 197 9 4148 309 2591
72 187 243 2218 8629 251 136 3 2262 91 5845 2604 212 1428 7961 2014 67 49 755 391 6043 42 5882 1353 4404 2195 524 2473 7064 1983 2815 8 4188
73 6359 50 74 7702 637 3528 57 268 1866 16 178 95 753 172 589 9794 1039 308 1845 1484 916 6410 53 2064 514 1603 751 334 1635 3166 1756 867
74 2385 22 258 264 6 42 50 612 15 5034 209 142 8365 37 6642 4938 5492 433 1048 6992 132 26 791 83 4060 2033 1532 4722 2587 234 4 163 625 3502 621 1917
75 762 6 141 4 1593 1 1499 11 10 5 33 73 427 1883 1119 388 62 1279 358 104 109 8 9 1373 5672 127 82 454 402 15 17 98 332 28 63 1671 3244
76 43 0 2 39 3 10 3228 16 27 455 5 22 103 128 245 11 3279 48 17 47 1 8 3596 35 556 20 2938 4 225 6 14 7 155 869
77 3603 658 183 62 254 9355 1087 203 9710 5872 533 25 180 95 289 302 715 512 1228 1577 102 528 249 142 2398 1992 3591 402 251 118 237 83 5817 236
78 6001 310 18 365 8 753 2190 3761 2327 5625 143 2202 633 247 83 9742 1967 17 1361 3735 510 1950 24 2451 396 1181 885 4452 20 1105 80 422 1686 152 72 126 859 1502 7055
79 245 3561 54 398 756 13 18 2932 24 151 10 2177 1576 7231 81 7 1296 1446 3354 1061 3500 119 99 112 3593 8004 257 1100 87 837 3137 1628 28 6402
80 41 609 2 99 36 2012 0 112 299 1 5 7 4680 46 10 25 6 51 71 9628 17 380 15 319 5052 1232 115 7274 703 1159 37 390 138 869 797 2060
81 8 19 56 3430 3252 103 93 129 1361 37 200 5170 15 28 131 652 94 1079 44 4386 934 715 2496 6912 53 45 238 208 2958 512 2475 3032 662 20 5091 120 138 1384
82 14 1 0 21 1759 16 9711 6 1606 7 12 1937 4 337 32 59 5472 94 641 502 839 271 1424 60 61 718 101 1671 2650 355 155
83 89 6 1857 0 4046 1 279 21 349 150 13 6607 1483 593 54 3 1623 157 56 42 155 66 6158 375 1956 73 4 714 126 2195 1574 199 3244
84 40 15 42 0 386 9375 9 256 9890 39 16 111 8 4824 2 86 2812 47 363 145 3433 14 1012 20 542 32 3124 36 1963 6307 163 147 176 9305 138
85 95 938 187 656 219 2652 88 5641 951 101 2973 19 232 122 52 20 9442 31 429 297 6234 25 6787 687 2842 36 7557 720 40 356 55 1071 503 3941 15 412 6475 28 138
86 0 500 2051 33 2221 98 238 5 21 2 4 3 1757 227 23 12 10 7 77 539 218 351 1896 5294 3790 22 11 2987 1121 96 940 599 19 138
87 186 104 4227 7 49 5 505 4040 224 3053 6614 8949 169 101 251 476 544 25 6779 4048 6052 130 2838 124 97 134 91 371 3160 3110
88 47 2 26 1583 21 45 100 6025 3915 672 7777 1503 42 29 24 169 1591 796 5778 5361 67 92 99 513 179 5005 216 23 38 8461 1776 4329 1388 720 1263
89 1996 5270 105 39 155 3644 447 151 665 9061 9041 1318 13 455 79 1 1340 6082 72 726 6 8886 1806 2832 281 6510 538 44 70 75 3526 624 199 252
90 6 1 3223 5 15 28 3 1071 0 7 6160 10 4479 8 2209 660 1808 3100 76 1828 655 141 229 3249 409 3814 158 11 155 2158 238 5063 307 227 25 1110 1554 184 4171 708
91 4 71 25 1 17 9 3208 253 22 145 2424 338 100 44 177 1804 1927 3794 46 378 1119 161 193 426 209 2477 61 60 407 455 139 1016 327 3066 114 3244 2513
92 40 585 1054 0 68 4630 8 2360 25 20 121 475 21 399 30 8444 364 71 165 8948 715 590 18 1456 105 906 170 2524 768 6166 126 1334 3097 138
93 1396 30 1532 66 33 16 739 3282 428 1421 353 1667 161 10 501 3194 86 2809 87 418 9040 2924 772 2295 470 589 412 162 60 1638 4662 709
94 68 2631 49 84 807 1991 77 9652 956 2720 150 75 5477 294 2850 3053 8087 2639 680 4103 975 7635 1948 62 264 2286 1000 515 232 960 69 1604
95 36 106 178 886 13 262 84 107 46 466 71 98 1049 3712 170 9 152 6636 160 255 191 41 12 7866 4300 132 458 389 295 165 694 8992 145
96 2746 185 1001 177 17 259 630 1530 1247 296 378 455 81 84 304 541 271 248 30 15 18 1404 432 12 25 153 231 64 139 1272 1558 1506 21 301 1721 290 2818 5482
97 670 31 4 34 0 9 14 99 519 1478 3 658 413 212 1258 13 6 61 2 1992 1002 960 1 278 358 1938 411 5 168 249 4301 2889 9584
98 205 1487 46 106 1 42 40 0 179 43 410 5 23 9 157 26 1658 175 2 8 13 5748 6400 556 56 5645 6201 1636 17 52 6018 236 138
99 7 1966 8 116 50 51 175 2498 5299 15 270 9 19 389 75 301 498 1209 25 1017 216 1989 4604 933 1401 6705 117 2 6689 168 7497 3881 1 8056 5197 303 120 155 3849
